#
# A fatal error has been detected by the Java Runtime Environment:
#
#  SIGSEGV (0xb) at pc=0x000000010df1bcb4, pid=12203, tid=28931
#
# JRE version: OpenJDK Runtime Environment (15.0.1+9) (build 15.0.1+9)
# Java VM: OpenJDK 64-Bit Server VM (15.0.1+9, mixed mode, sharing, tiered, compressed oops, g1 gc, bsd-amd64)
# Problematic frame:
# V  [libjvm.dylib+0xa34cb4]  Unsafe_GetLongVolatile(JNIEnv_*, _jobject*, _jobject*, long)+0xe4
#
# No core dump will be written. Core dumps have been disabled. To enable core dumping, try "ulimit -c unlimited" before starting Java again
#
# If you would like to submit a bug report, please visit:
#   https://bugreport.java.com/bugreport/crash.jsp
#

---------------  S U M M A R Y ------------

Command Line: -javaagent:/Users/jfallows/.m2/repository/org/jacoco/org.jacoco.agent/0.8.6/org.jacoco.agent-0.8.6-runtime.jar=destfile=/Users/jfallows/GitHub/reaktivity/reaktor.java/target/jacoco.exec,excludes=org/reaktivity/reaktor/internal/types/**/*.class:org/reaktivity/reaktor/test/internal/k3po/ext/types/**/*.class /Users/jfallows/GitHub/reaktivity/reaktor.java/target/surefire/surefirebooter11890406498841293040.jar /Users/jfallows/GitHub/reaktivity/reaktor.java/target/surefire 2021-02-11T12-54-43_570-jvmRun1 surefire12034250442054478570tmp surefire_06322727308258850300tmp

Host: MacBookPro16,1 x86_64 2300 MHz, 16 cores, 16G, Darwin 20.3.0
Time: Thu Feb 11 12:54:44 2021 PST elapsed time: 1.011689 seconds (0d 0h 0m 1s)

---------------  T H R E A D  ---------------

Current thread (0x00007f861cbf6e00):  JavaThread "ForkJoinPool.commonPool-worker-19" daemon [_thread_in_vm, id=28931, stack(0x00007000109dd000,0x0000700010add000)]

Stack: [0x00007000109dd000,0x0000700010add000],  sp=0x0000700010adc180,  free space=1020k
Native frames: (J=compiled Java code, A=aot compiled Java code, j=interpreted, Vv=VM code, C=native code)
V  [libjvm.dylib+0xa34cb4]  Unsafe_GetLongVolatile(JNIEnv_*, _jobject*, _jobject*, long)+0xe4
j  jdk.internal.misc.Unsafe.getLongVolatile(Ljava/lang/Object;J)J+0 java.base@15.0.1
j  sun.misc.Unsafe.getLongVolatile(Ljava/lang/Object;J)J+5 jdk.unsupported@15.0.1
j  org.agrona.concurrent.UnsafeBuffer.getLongVolatile(I)J+49
j  org.reaktivity.reaktor.internal.concurent.ManyToOneRingBuffer.claimCapacity(Lorg/agrona/concurrent/AtomicBuffer;I)I+55
j  org.reaktivity.reaktor.internal.concurent.ManyToOneRingBuffer.write(ILorg/agrona/DirectBuffer;II)Z+50
j  org.reaktivity.reaktor.internal.context.DispatchAgent$ElektronSignaler.signal(JJJJJI)V+209
j  org.reaktivity.reaktor.internal.context.DispatchAgent$ElektronSignaler.signalNow(JJI)V+18
j  org.reaktivity.reaktor.internal.context.DispatchAgent.attach(Lorg/reaktivity/reaktor/config/Namespace;)Ljava/util/concurrent/CompletableFuture;+46
j  org.reaktivity.reaktor.internal.context.ConfigureTask.call()Ljava/lang/Void;+652
j  org.reaktivity.reaktor.internal.context.ConfigureTask.call()Ljava/lang/Object;+8
j  java.util.concurrent.ForkJoinTask$AdaptedCallable.exec()Z+5 java.base@15.0.1
j  java.util.concurrent.ForkJoinTask.doExec()I+10 java.base@15.0.1
j  java.util.concurrent.ForkJoinPool$WorkQueue.topLevelExec(Ljava/util/concurrent/ForkJoinTask;Ljava/util/concurrent/ForkJoinPool$WorkQueue;I)V+11 java.base@15.0.1
j  java.util.concurrent.ForkJoinPool.scan(Ljava/util/concurrent/ForkJoinPool$WorkQueue;I)Z+185 java.base@15.0.1
j  java.util.concurrent.ForkJoinPool.runWorker(Ljava/util/concurrent/ForkJoinPool$WorkQueue;)V+25 java.base@15.0.1
j  java.util.concurrent.ForkJoinWorkerThread.run()V+24 java.base@15.0.1
v  ~StubRoutines::call_stub
V  [libjvm.dylib+0x4b019d]  JavaCalls::call_helper(JavaValue*, methodHandle const&, JavaCallArguments*, Thread*)+0x2cd
V  [libjvm.dylib+0x4af0a9]  JavaCalls::call_virtual(JavaValue*, Klass*, Symbol*, Symbol*, JavaCallArguments*, Thread*)+0x1e9
V  [libjvm.dylib+0x4af173]  JavaCalls::call_virtual(JavaValue*, Handle, Klass*, Symbol*, Symbol*, Thread*)+0x63
V  [libjvm.dylib+0x55dc60]  thread_entry(JavaThread*, Thread*)+0xb0
V  [libjvm.dylib+0xa03962]  JavaThread::thread_main_inner()+0xb2
V  [libjvm.dylib+0xa00b11]  Thread::call_run()+0x71
V  [libjvm.dylib+0x8289c7]  thread_native_entry(Thread*)+0x1a7
C  [libsystem_pthread.dylib+0x6950]  _pthread_start+0xe0
C  [libsystem_pthread.dylib+0x247b]  thread_start+0xf

Java frames: (J=compiled Java code, j=interpreted, Vv=VM code)
j  jdk.internal.misc.Unsafe.getLongVolatile(Ljava/lang/Object;J)J+0 java.base@15.0.1
j  sun.misc.Unsafe.getLongVolatile(Ljava/lang/Object;J)J+5 jdk.unsupported@15.0.1
j  org.agrona.concurrent.UnsafeBuffer.getLongVolatile(I)J+49
j  org.reaktivity.reaktor.internal.concurent.ManyToOneRingBuffer.claimCapacity(Lorg/agrona/concurrent/AtomicBuffer;I)I+55
j  org.reaktivity.reaktor.internal.concurent.ManyToOneRingBuffer.write(ILorg/agrona/DirectBuffer;II)Z+50
j  org.reaktivity.reaktor.internal.context.DispatchAgent$ElektronSignaler.signal(JJJJJI)V+209
j  org.reaktivity.reaktor.internal.context.DispatchAgent$ElektronSignaler.signalNow(JJI)V+18
j  org.reaktivity.reaktor.internal.context.DispatchAgent.attach(Lorg/reaktivity/reaktor/config/Namespace;)Ljava/util/concurrent/CompletableFuture;+46
j  org.reaktivity.reaktor.internal.context.ConfigureTask.call()Ljava/lang/Void;+652
j  org.reaktivity.reaktor.internal.context.ConfigureTask.call()Ljava/lang/Object;+8
j  java.util.concurrent.ForkJoinTask$AdaptedCallable.exec()Z+5 java.base@15.0.1
j  java.util.concurrent.ForkJoinTask.doExec()I+10 java.base@15.0.1
j  java.util.concurrent.ForkJoinPool$WorkQueue.topLevelExec(Ljava/util/concurrent/ForkJoinTask;Ljava/util/concurrent/ForkJoinPool$WorkQueue;I)V+11 java.base@15.0.1
j  java.util.concurrent.ForkJoinPool.scan(Ljava/util/concurrent/ForkJoinPool$WorkQueue;I)Z+185 java.base@15.0.1
j  java.util.concurrent.ForkJoinPool.runWorker(Ljava/util/concurrent/ForkJoinPool$WorkQueue;)V+25 java.base@15.0.1
j  java.util.concurrent.ForkJoinWorkerThread.run()V+24 java.base@15.0.1
v  ~StubRoutines::call_stub

siginfo: si_signo: 11 (SIGSEGV), si_code: 1 (SEGV_MAPERR), si_addr: 0x000000011270e100

Register to memory mapping:

RAX=0x000000010d4af000 points into unknown readable memory: 0x0000000000000000 | 00 00 00 00 00 00 00 00
RBX={method} {0x0000000800099820} 'getLongVolatile' '(Ljava/lang/Object;J)J' in 'jdk/internal/misc/Unsafe'
RCX=0x000000011270e100 is an unknown value
RDX=0x0 is NULL
RSP=0x0000700010adc180 is pointing into the stack for thread: 0x00007f861cbf6e00
RBP=0x0000700010adc1b0 is pointing into the stack for thread: 0x00007f861cbf6e00
RSI=0x0000700010adc268 is pointing into the stack for thread: 0x00007f861cbf6e00
RDI=0x00007f861cbf6e00 is a thread
R8 =0x0 is NULL
R9 =0x00007f861cbf6e00 is a thread
R10=0x00000001233ed3c1 is at code_begin+897 in an Interpreter codelet
method entry point (kind = native)  [0x00000001233ed040, 0x00000001233ed9a0]  2400 bytes
R11=0x0000000000000101 is an unknown value
R12=0x00007f861cbf6e00 is a thread
R13=0x00000008006357e0 is pointing into metadata
R14=0x000000011270e100 is an unknown value
R15=0x0 is NULL


Registers:
RAX=0x000000010d4af000, RBX=0x0000000800099820, RCX=0x000000011270e100, RDX=0x0000000000000000
RSP=0x0000700010adc180, RBP=0x0000700010adc1b0, RSI=0x0000700010adc268, RDI=0x00007f861cbf6e00
R8 =0x0000000000000000, R9 =0x00007f861cbf6e00, R10=0x00000001233ed3c1, R11=0x0000000000000101
R12=0x00007f861cbf6e00, R13=0x00000008006357e0, R14=0x000000011270e100, R15=0x0000000000000000
RIP=0x000000010df1bcb4, EFLAGS=0x0000000000010246, ERR=0x0000000000000004
  TRAPNO=0x000000000000000e

Top of Stack: (sp=0x0000700010adc180)
0x0000700010adc180:   0000700010adc1c0 000000010dbaf9e6
0x0000700010adc190:   0000000800099820 0000000000000000
0x0000700010adc1a0:   0000700010adc268 00007f861cbf6e00
0x0000700010adc1b0:   0000700010adc230 00000001233ed3f0
0x0000700010adc1c0:   0000700010adc220 000000010dbb5263
0x0000700010adc1d0:   00007f861b875430 00000008003ec7d8
0x0000700010adc1e0:   0000700010adc220 0000700010adc1e8
0x0000700010adc1f0:   0000000000000000 0000700010adc268
0x0000700010adc200:   0000000800095fc0 0000000000000000
0x0000700010adc210:   00000007bfd04c50 0000000800099820
0x0000700010adc220:   0000000000000000 0000700010adc250
0x0000700010adc230:   0000700010adc2b8 00000001233e79d0
0x0000700010adc240:   0000000000000000 00000001233ea5d7
0x0000700010adc250:   000000011270e100 0000000000000000
0x0000700010adc260:   0000000000000000 000000070d8029c8
0x0000700010adc270:   0000700010adc270 000000013a648a35
0x0000700010adc280:   0000700010adc2e0 000000013a64a5d8
0x0000700010adc290:   0000000000000000 000000070d8908a8
0x0000700010adc2a0:   000000013a648a70 0000700010adc250
0x0000700010adc2b0:   0000700010adc2c8 0000700010adc330
0x0000700010adc2c0:   00000001233e79d0 000000011270e100
0x0000700010adc2d0:   0000000000000000 0000000000000000
0x0000700010adc2e0:   000000070d890970 0000700010adc2e8
0x0000700010adc2f0:   000000013aad31f1 0000700010adc350
0x0000700010adc300:   000000013aadb120 0000000000000000
0x0000700010adc310:   000000070d8f1c78 000000013aad3220
0x0000700010adc320:   0000700010adc2c8 0000700010adc348
0x0000700010adc330:   0000700010adc3a0 00000001233e7a15
0x0000700010adc340:   000000070d8f1e10 0000000000100100
0x0000700010adc350:   000000070cfbe998 0000700010adc358
0x0000700010adc360:   000000013ab13d6f 0000700010adc448
0x0000700010adc370:   000000013ab14468 0000000000000000 

Instructions: (pc=0x000000010df1bcb4)
0x000000010df1bbb4:   00 00 04 00 00 00 48 83 c4 08 5b 41 5c 41 5d 41
0x000000010df1bbc4:   5e 41 5f 5d c3 0f 1f 80 00 00 00 00 55 48 89 e5
0x000000010df1bbd4:   41 57 41 56 41 54 53 48 83 ec 10 49 89 fc b8 55
0x000000010df1bbe4:   21 ff ff 03 87 88 00 00 00 49 89 ce 49 89 d7 49
0x000000010df1bbf4:   81 c4 d8 fc ff ff 83 f8 02 72 0b 4c 89 e7 e8 29
0x000000010df1bc04:   e6 fc ff 45 31 e4 41 c7 84 24 98 03 00 00 05 00
0x000000010df1bc14:   00 00 f0 83 04 24 00 49 8b 04 24 4c 89 e7 ff 50
0x000000010df1bc24:   40 84 c0 74 12 49 8b 84 24 10 01 00 00 48 a9 08
0x000000010df1bc34:   00 00 00 74 0e eb 1a 48 8d 05 9e 9b 28 00 83 38
0x000000010df1bc44:   00 75 0e 41 f7 84 24 e0 00 00 00 04 00 00 20 74
0x000000010df1bc54:   08 4c 89 e7 e8 f3 08 fd ff 41 c7 84 24 98 03 00
0x000000010df1bc64:   00 06 00 00 00 4d 85 ff 74 3d 41 f6 c7 01 75 26
0x000000010df1bc74:   4c 89 ff ff 15 c3 11 21 00 48 85 c0 74 29 4e 8b
0x000000010df1bc84:   34 30 49 8b 9c 24 f8 00 00 00 48 8b 43 10 48 83
0x000000010df1bc94:   38 00 75 42 eb 4c 49 ff cf 4c 89 ff ff 15 5a 12
0x000000010df1bca4:   21 00 48 85 c0 75 d7 41 c6 84 24 bc 03 00 00 01
0x000000010df1bcb4:   49 8b 06 48 89 45 d8 4c 8b 75 d8 41 c6 84 24 bc
0x000000010df1bcc4:   03 00 00 00 49 8b 9c 24 f8 00 00 00 48 8b 43 10
0x000000010df1bcd4:   48 83 38 00 74 0c 48 89 df e8 5e 8d a1 ff 48 8b
0x000000010df1bce4:   43 10 48 8b 4b 08 48 89 41 10 48 8b 43 08 48 8b
0x000000010df1bcf4:   4b 18 48 89 48 18 48 8b 43 08 48 8b 4b 20 48 89
0x000000010df1bd04:   48 20 41 c7 84 24 98 03 00 00 07 00 00 00 f0 83
0x000000010df1bd14:   04 24 00 49 8b 84 24 10 01 00 00 48 a9 08 00 00
0x000000010df1bd24:   00 74 08 4c 89 e7 e8 f1 73 e8 ff 41 c7 84 24 98
0x000000010df1bd34:   03 00 00 04 00 00 00 4c 89 f0 48 83 c4 10 5b 41
0x000000010df1bd44:   5c 41 5e 41 5f 5d c3 0f 1f 44 00 00 55 48 89 e5
0x000000010df1bd54:   41 57 41 56 41 55 41 54 53 50 49 89 fd b8 55 21
0x000000010df1bd64:   ff ff 03 87 88 00 00 00 4d 89 c6 49 89 cf 49 89
0x000000010df1bd74:   d4 49 81 c5 d8 fc ff ff 83 f8 02 72 0b 4c 89 ef
0x000000010df1bd84:   e8 a7 e4 fc ff 45 31 ed 41 c7 85 98 03 00 00 05
0x000000010df1bd94:   00 00 00 f0 83 04 24 00 49 8b 45 00 4c 89 ef ff
0x000000010df1bda4:   50 40 84 c0 74 11 49 8b 85 10 01 00 00 48 a9 08 


Stack slot to memory mapping:
stack at sp + 0 slots: 0x0000700010adc1c0 is pointing into the stack for thread: 0x00007f861cbf6e00
stack at sp + 1 slots: 0x000000010dbaf9e6: _ZN8LinkInfoC2ERK18constantPoolHandleiP6Thread+0xa6 in /usr/local/Cellar/openjdk/15.0.1/libexec/openjdk.jdk/Contents/Home/lib/server/libjvm.dylib at 0x000000010d4e7000
stack at sp + 2 slots: {method} {0x0000000800099820} 'getLongVolatile' '(Ljava/lang/Object;J)J' in 'jdk/internal/misc/Unsafe'
stack at sp + 3 slots: 0x0 is NULL
stack at sp + 4 slots: 0x0000700010adc268 is pointing into the stack for thread: 0x00007f861cbf6e00
stack at sp + 5 slots: 0x00007f861cbf6e00 is a thread
stack at sp + 6 slots: 0x0000700010adc230 is pointing into the stack for thread: 0x00007f861cbf6e00
stack at sp + 7 slots: 0x00000001233ed3f0 is at code_begin+944 in an Interpreter codelet
method entry point (kind = native)  [0x00000001233ed040, 0x00000001233ed9a0]  2400 bytes


---------------  P R O C E S S  ---------------

Threads class SMR info:
_java_thread_list=0x00007f861b859360, length=20, elements={
0x00007f861a019e00, 0x00007f861a809e00, 0x00007f861a808800, 0x00007f861c8fce00,
0x00007f861f008c00, 0x00007f861c8fd400, 0x00007f861f009200, 0x00007f861a039c00,
0x00007f861f009800, 0x00007f861b009e00, 0x00007f861a101200, 0x00007f861cbf6e00,
0x00007f861a0e2600, 0x00007f861a16fe00, 0x00007f861a170400, 0x00007f861a1d7e00,
0x00007f861f2fac00, 0x00007f861f2fb200, 0x00007f861f2a3800, 0x00007f861f2a3e00
}

Java Threads: ( => current thread )
  0x00007f861a019e00 JavaThread "main" [_thread_in_Java, id=6147, stack(0x000070000f08f000,0x000070000f18f000)]
  0x00007f861a809e00 JavaThread "Reference Handler" daemon [_thread_blocked, id=16131, stack(0x000070000f7a4000,0x000070000f8a4000)]
  0x00007f861a808800 JavaThread "Finalizer" daemon [_thread_blocked, id=18179, stack(0x000070000f8a7000,0x000070000f9a7000)]
  0x00007f861c8fce00 JavaThread "Signal Dispatcher" daemon [_thread_blocked, id=42243, stack(0x000070000fab0000,0x000070000fbb0000)]
  0x00007f861f008c00 JavaThread "Service Thread" daemon [_thread_blocked, id=41475, stack(0x000070000fbb3000,0x000070000fcb3000)]
  0x00007f861c8fd400 JavaThread "C2 CompilerThread0" daemon [_thread_in_native, id=23299, stack(0x000070000fcb6000,0x000070000fdb6000)]
  0x00007f861f009200 JavaThread "C1 CompilerThread0" daemon [_thread_in_native, id=40707, stack(0x000070000fdb9000,0x000070000feb9000)]
  0x00007f861a039c00 JavaThread "Sweeper thread" daemon [_thread_blocked, id=24323, stack(0x000070000febc000,0x000070000ffbc000)]
  0x00007f861f009800 JavaThread "Common-Cleaner" daemon [_thread_blocked, id=39427, stack(0x000070000ffbf000,0x00007000100bf000)]
  0x00007f861b009e00 JavaThread "Notification Thread" daemon [_thread_blocked, id=24835, stack(0x00007000100c2000,0x00007000101c2000)]
  0x00007f861a101200 JavaThread "surefire-forkedjvm-command-thread" daemon [_thread_in_native, id=25859, stack(0x00007000102c8000,0x00007000103c8000)]
=>0x00007f861cbf6e00 JavaThread "ForkJoinPool.commonPool-worker-19" daemon [_thread_in_vm, id=28931, stack(0x00007000109dd000,0x0000700010add000)]
  0x00007f861a0e2600 JavaThread "Agrona server boss" [_thread_blocked, id=36627, stack(0x00007000108da000,0x00007000109da000)]
  0x00007f861a16fe00 JavaThread "Agrona worker" [_thread_blocked, id=36099, stack(0x0000700010ae0000,0x0000700010be0000)]
  0x00007f861a170400 JavaThread "Agrona boss" [_thread_blocked, id=35075, stack(0x0000700010be3000,0x0000700010ce3000)]
  0x00007f861a1d7e00 JavaThread "Agrona worker" [_thread_blocked, id=34563, stack(0x0000700010ce6000,0x0000700010de6000)]
  0x00007f861f2fac00 JavaThread "Agrona server boss" [_thread_blocked, id=30467, stack(0x0000700010de9000,0x0000700010ee9000)]
  0x00007f861f2fb200 JavaThread "Agrona worker" [_thread_blocked, id=33283, stack(0x0000700010eec000,0x0000700010fec000)]
  0x00007f861f2a3800 JavaThread "Agrona boss" [_thread_blocked, id=31747, stack(0x0000700010fef000,0x00007000110ef000)]
  0x00007f861f2a3e00 JavaThread "Agrona worker" [_thread_blocked, id=33027, stack(0x00007000110f2000,0x00007000111f2000)]

Other Threads:
  0x00007f861b82f780 VMThread "VM Thread" [stack: 0x000070000f6a1000,0x000070000f7a1000] [id=15619]
  0x00007f8619f10040 WatcherThread [stack: 0x00007000101c5000,0x00007000102c5000] [id=25091]
  0x00007f8619c295a0 GCTaskThread "GC Thread#0" [stack: 0x000070000f192000,0x000070000f292000] [id=20227]
  0x00007f861b93cf10 GCTaskThread "GC Thread#1" [stack: 0x00007000103cb000,0x00007000104cb000] [id=26115]
  0x00007f861b93db10 GCTaskThread "GC Thread#2" [stack: 0x00007000104ce000,0x00007000105ce000] [id=37635]
  0x00007f861b93e760 GCTaskThread "GC Thread#3" [stack: 0x00007000105d1000,0x00007000106d1000] [id=26627]
  0x00007f861b93f7a0 GCTaskThread "GC Thread#4" [stack: 0x00007000106d4000,0x00007000107d4000] [id=26883]
  0x00007f861b9407e0 GCTaskThread "GC Thread#5" [stack: 0x00007000107d7000,0x00007000108d7000] [id=36867]
  0x00007f861b804940 ConcurrentGCThread "G1 Main Marker" [stack: 0x000070000f295000,0x000070000f395000] [id=13315]
  0x00007f8619e079c0 ConcurrentGCThread "G1 Conc#0" [stack: 0x000070000f398000,0x000070000f498000] [id=14083]
  0x00007f861b822d00 ConcurrentGCThread "G1 Refine#0" [stack: 0x000070000f49b000,0x000070000f59b000] [id=19715]
  0x00007f861b823d70 ConcurrentGCThread "G1 Young RemSet Sampling" [stack: 0x000070000f59e000,0x000070000f69e000] [id=15107]

Threads with active compile tasks:
C2 CompilerThread0     1020 1857 %     4       org.jacoco.agent.rt.internal_f3994fa.asm.ClassReader::readCode @ 4655 (5089 bytes)
C1 CompilerThread0     1020 2339       2       java.lang.ClassLoader::createOrGetClassLoaderValueMap (37 bytes)

VM state: not at safepoint (normal execution)

VM Mutex/Monitor currently owned by a thread: None

Heap address: 0x0000000700000000, size: 4096 MB, Compressed Oops mode: Zero based, Oop shift amount: 3
CDS archive(s) mapped at: [0x0000000800000000-0x0000000800b2d000-0x0000000800b2d000), size 11718656, SharedBaseAddress: 0x0000000800000000, ArchiveRelocationMode: 0.
Compressed class space mapped at: 0x0000000800b30000-0x0000000840b30000, size: 1073741824
Narrow klass base: 0x0000000800000000, Narrow klass shift: 3, Narrow klass range: 0x100000000

GC Precious Log:
 CPUs: 16 total, 16 available
 Memory: 16384M
 Large Page Support: Disabled
 NUMA Support: Disabled
 Compressed Oops: Enabled (Zero based)
 Heap Region Size: 2M
 Heap Min Capacity: 8M
 Heap Initial Capacity: 256M
 Heap Max Capacity: 4G
 Pre-touch: Disabled
 Parallel Workers: 13
 Concurrent Workers: 3
 Concurrent Refinement Workers: 13
 Periodic GC: Disabled

Heap:
 garbage-first heap   total 266240K, used 91105K [0x0000000700000000, 0x0000000800000000)
  region size 2048K, 45 young (92160K), 2 survivors (4096K)
 Metaspace       used 11764K, capacity 12027K, committed 12288K, reserved 1060864K
  class space    used 1341K, capacity 1416K, committed 1536K, reserved 1048576K

Heap Regions: E=young(eden), S=young(survivor), O=old, HS=humongous(starts), HC=humongous(continues), CS=collection set, F=free, OA=open archive, CA=closed archive, TAMS=top-at-mark-start (previous, next)
|   0|0x0000000700000000, 0x0000000700000000, 0x0000000700200000|  0%| F|  |TAMS 0x0000000700000000, 0x0000000700000000| Untracked 
|   1|0x0000000700200000, 0x0000000700200000, 0x0000000700400000|  0%| F|  |TAMS 0x0000000700200000, 0x0000000700200000| Untracked 
|   2|0x0000000700400000, 0x0000000700400000, 0x0000000700600000|  0%| F|  |TAMS 0x0000000700400000, 0x0000000700400000| Untracked 
|   3|0x0000000700600000, 0x0000000700600000, 0x0000000700800000|  0%| F|  |TAMS 0x0000000700600000, 0x0000000700600000| Untracked 
|   4|0x0000000700800000, 0x0000000700800000, 0x0000000700a00000|  0%| F|  |TAMS 0x0000000700800000, 0x0000000700800000| Untracked 
|   5|0x0000000700a00000, 0x0000000700a00000, 0x0000000700c00000|  0%| F|  |TAMS 0x0000000700a00000, 0x0000000700a00000| Untracked 
|   6|0x0000000700c00000, 0x0000000700c00000, 0x0000000700e00000|  0%| F|  |TAMS 0x0000000700c00000, 0x0000000700c00000| Untracked 
|   7|0x0000000700e00000, 0x0000000700e00000, 0x0000000701000000|  0%| F|  |TAMS 0x0000000700e00000, 0x0000000700e00000| Untracked 
|   8|0x0000000701000000, 0x0000000701000000, 0x0000000701200000|  0%| F|  |TAMS 0x0000000701000000, 0x0000000701000000| Untracked 
|   9|0x0000000701200000, 0x0000000701200000, 0x0000000701400000|  0%| F|  |TAMS 0x0000000701200000, 0x0000000701200000| Untracked 
|  10|0x0000000701400000, 0x0000000701400000, 0x0000000701600000|  0%| F|  |TAMS 0x0000000701400000, 0x0000000701400000| Untracked 
|  11|0x0000000701600000, 0x0000000701600000, 0x0000000701800000|  0%| F|  |TAMS 0x0000000701600000, 0x0000000701600000| Untracked 
|  12|0x0000000701800000, 0x0000000701800000, 0x0000000701a00000|  0%| F|  |TAMS 0x0000000701800000, 0x0000000701800000| Untracked 
|  13|0x0000000701a00000, 0x0000000701a00000, 0x0000000701c00000|  0%| F|  |TAMS 0x0000000701a00000, 0x0000000701a00000| Untracked 
|  14|0x0000000701c00000, 0x0000000701c00000, 0x0000000701e00000|  0%| F|  |TAMS 0x0000000701c00000, 0x0000000701c00000| Untracked 
|  15|0x0000000701e00000, 0x0000000701e00000, 0x0000000702000000|  0%| F|  |TAMS 0x0000000701e00000, 0x0000000701e00000| Untracked 
|  16|0x0000000702000000, 0x0000000702000000, 0x0000000702200000|  0%| F|  |TAMS 0x0000000702000000, 0x0000000702000000| Untracked 
|  17|0x0000000702200000, 0x0000000702200000, 0x0000000702400000|  0%| F|  |TAMS 0x0000000702200000, 0x0000000702200000| Untracked 
|  18|0x0000000702400000, 0x0000000702400000, 0x0000000702600000|  0%| F|  |TAMS 0x0000000702400000, 0x0000000702400000| Untracked 
|  19|0x0000000702600000, 0x0000000702600000, 0x0000000702800000|  0%| F|  |TAMS 0x0000000702600000, 0x0000000702600000| Untracked 
|  20|0x0000000702800000, 0x0000000702800000, 0x0000000702a00000|  0%| F|  |TAMS 0x0000000702800000, 0x0000000702800000| Untracked 
|  21|0x0000000702a00000, 0x0000000702a00000, 0x0000000702c00000|  0%| F|  |TAMS 0x0000000702a00000, 0x0000000702a00000| Untracked 
|  22|0x0000000702c00000, 0x0000000702c00000, 0x0000000702e00000|  0%| F|  |TAMS 0x0000000702c00000, 0x0000000702c00000| Untracked 
|  23|0x0000000702e00000, 0x0000000702e00000, 0x0000000703000000|  0%| F|  |TAMS 0x0000000702e00000, 0x0000000702e00000| Untracked 
|  24|0x0000000703000000, 0x0000000703000000, 0x0000000703200000|  0%| F|  |TAMS 0x0000000703000000, 0x0000000703000000| Untracked 
|  25|0x0000000703200000, 0x0000000703200000, 0x0000000703400000|  0%| F|  |TAMS 0x0000000703200000, 0x0000000703200000| Untracked 
|  26|0x0000000703400000, 0x0000000703400000, 0x0000000703600000|  0%| F|  |TAMS 0x0000000703400000, 0x0000000703400000| Untracked 
|  27|0x0000000703600000, 0x0000000703600000, 0x0000000703800000|  0%| F|  |TAMS 0x0000000703600000, 0x0000000703600000| Untracked 
|  28|0x0000000703800000, 0x0000000703800000, 0x0000000703a00000|  0%| F|  |TAMS 0x0000000703800000, 0x0000000703800000| Untracked 
|  29|0x0000000703a00000, 0x0000000703a00000, 0x0000000703c00000|  0%| F|  |TAMS 0x0000000703a00000, 0x0000000703a00000| Untracked 
|  30|0x0000000703c00000, 0x0000000703c00000, 0x0000000703e00000|  0%| F|  |TAMS 0x0000000703c00000, 0x0000000703c00000| Untracked 
|  31|0x0000000703e00000, 0x0000000703e00000, 0x0000000704000000|  0%| F|  |TAMS 0x0000000703e00000, 0x0000000703e00000| Untracked 
|  32|0x0000000704000000, 0x0000000704000000, 0x0000000704200000|  0%| F|  |TAMS 0x0000000704000000, 0x0000000704000000| Untracked 
|  33|0x0000000704200000, 0x0000000704200000, 0x0000000704400000|  0%| F|  |TAMS 0x0000000704200000, 0x0000000704200000| Untracked 
|  34|0x0000000704400000, 0x0000000704400000, 0x0000000704600000|  0%| F|  |TAMS 0x0000000704400000, 0x0000000704400000| Untracked 
|  35|0x0000000704600000, 0x0000000704600000, 0x0000000704800000|  0%| F|  |TAMS 0x0000000704600000, 0x0000000704600000| Untracked 
|  36|0x0000000704800000, 0x0000000704800000, 0x0000000704a00000|  0%| F|  |TAMS 0x0000000704800000, 0x0000000704800000| Untracked 
|  37|0x0000000704a00000, 0x0000000704a00000, 0x0000000704c00000|  0%| F|  |TAMS 0x0000000704a00000, 0x0000000704a00000| Untracked 
|  38|0x0000000704c00000, 0x0000000704c00000, 0x0000000704e00000|  0%| F|  |TAMS 0x0000000704c00000, 0x0000000704c00000| Untracked 
|  39|0x0000000704e00000, 0x0000000704e00000, 0x0000000705000000|  0%| F|  |TAMS 0x0000000704e00000, 0x0000000704e00000| Untracked 
|  40|0x0000000705000000, 0x0000000705000000, 0x0000000705200000|  0%| F|  |TAMS 0x0000000705000000, 0x0000000705000000| Untracked 
|  41|0x0000000705200000, 0x0000000705200000, 0x0000000705400000|  0%| F|  |TAMS 0x0000000705200000, 0x0000000705200000| Untracked 
|  42|0x0000000705400000, 0x0000000705400000, 0x0000000705600000|  0%| F|  |TAMS 0x0000000705400000, 0x0000000705400000| Untracked 
|  43|0x0000000705600000, 0x0000000705600000, 0x0000000705800000|  0%| F|  |TAMS 0x0000000705600000, 0x0000000705600000| Untracked 
|  44|0x0000000705800000, 0x0000000705800000, 0x0000000705a00000|  0%| F|  |TAMS 0x0000000705800000, 0x0000000705800000| Untracked 
|  45|0x0000000705a00000, 0x0000000705a00000, 0x0000000705c00000|  0%| F|  |TAMS 0x0000000705a00000, 0x0000000705a00000| Untracked 
|  46|0x0000000705c00000, 0x0000000705c00000, 0x0000000705e00000|  0%| F|  |TAMS 0x0000000705c00000, 0x0000000705c00000| Untracked 
|  47|0x0000000705e00000, 0x0000000705e00000, 0x0000000706000000|  0%| F|  |TAMS 0x0000000705e00000, 0x0000000705e00000| Untracked 
|  48|0x0000000706000000, 0x0000000706000000, 0x0000000706200000|  0%| F|  |TAMS 0x0000000706000000, 0x0000000706000000| Untracked 
|  49|0x0000000706200000, 0x0000000706200000, 0x0000000706400000|  0%| F|  |TAMS 0x0000000706200000, 0x0000000706200000| Untracked 
|  50|0x0000000706400000, 0x0000000706400000, 0x0000000706600000|  0%| F|  |TAMS 0x0000000706400000, 0x0000000706400000| Untracked 
|  51|0x0000000706600000, 0x0000000706600000, 0x0000000706800000|  0%| F|  |TAMS 0x0000000706600000, 0x0000000706600000| Untracked 
|  52|0x0000000706800000, 0x0000000706800000, 0x0000000706a00000|  0%| F|  |TAMS 0x0000000706800000, 0x0000000706800000| Untracked 
|  53|0x0000000706a00000, 0x0000000706a00000, 0x0000000706c00000|  0%| F|  |TAMS 0x0000000706a00000, 0x0000000706a00000| Untracked 
|  54|0x0000000706c00000, 0x0000000706c00000, 0x0000000706e00000|  0%| F|  |TAMS 0x0000000706c00000, 0x0000000706c00000| Untracked 
|  55|0x0000000706e00000, 0x0000000706e00000, 0x0000000707000000|  0%| F|  |TAMS 0x0000000706e00000, 0x0000000706e00000| Untracked 
|  56|0x0000000707000000, 0x0000000707000000, 0x0000000707200000|  0%| F|  |TAMS 0x0000000707000000, 0x0000000707000000| Untracked 
|  57|0x0000000707200000, 0x0000000707200000, 0x0000000707400000|  0%| F|  |TAMS 0x0000000707200000, 0x0000000707200000| Untracked 
|  58|0x0000000707400000, 0x0000000707400000, 0x0000000707600000|  0%| F|  |TAMS 0x0000000707400000, 0x0000000707400000| Untracked 
|  59|0x0000000707600000, 0x0000000707600000, 0x0000000707800000|  0%| F|  |TAMS 0x0000000707600000, 0x0000000707600000| Untracked 
|  60|0x0000000707800000, 0x0000000707800000, 0x0000000707a00000|  0%| F|  |TAMS 0x0000000707800000, 0x0000000707800000| Untracked 
|  61|0x0000000707a00000, 0x0000000707a00000, 0x0000000707c00000|  0%| F|  |TAMS 0x0000000707a00000, 0x0000000707a00000| Untracked 
|  62|0x0000000707c00000, 0x0000000707c00000, 0x0000000707e00000|  0%| F|  |TAMS 0x0000000707c00000, 0x0000000707c00000| Untracked 
|  63|0x0000000707e00000, 0x0000000707e00000, 0x0000000708000000|  0%| F|  |TAMS 0x0000000707e00000, 0x0000000707e00000| Untracked 
|  64|0x0000000708000000, 0x0000000708000000, 0x0000000708200000|  0%| F|  |TAMS 0x0000000708000000, 0x0000000708000000| Untracked 
|  65|0x0000000708200000, 0x0000000708200000, 0x0000000708400000|  0%| F|  |TAMS 0x0000000708200000, 0x0000000708200000| Untracked 
|  66|0x0000000708400000, 0x0000000708400000, 0x0000000708600000|  0%| F|  |TAMS 0x0000000708400000, 0x0000000708400000| Untracked 
|  67|0x0000000708600000, 0x0000000708600000, 0x0000000708800000|  0%| F|  |TAMS 0x0000000708600000, 0x0000000708600000| Untracked 
|  68|0x0000000708800000, 0x0000000708800000, 0x0000000708a00000|  0%| F|  |TAMS 0x0000000708800000, 0x0000000708800000| Untracked 
|  69|0x0000000708a00000, 0x0000000708a00000, 0x0000000708c00000|  0%| F|  |TAMS 0x0000000708a00000, 0x0000000708a00000| Untracked 
|  70|0x0000000708c00000, 0x0000000708c00000, 0x0000000708e00000|  0%| F|  |TAMS 0x0000000708c00000, 0x0000000708c00000| Untracked 
|  71|0x0000000708e00000, 0x0000000708e00000, 0x0000000709000000|  0%| F|  |TAMS 0x0000000708e00000, 0x0000000708e00000| Untracked 
|  72|0x0000000709000000, 0x0000000709000000, 0x0000000709200000|  0%| F|  |TAMS 0x0000000709000000, 0x0000000709000000| Untracked 
|  73|0x0000000709200000, 0x0000000709200000, 0x0000000709400000|  0%| F|  |TAMS 0x0000000709200000, 0x0000000709200000| Untracked 
|  74|0x0000000709400000, 0x0000000709400000, 0x0000000709600000|  0%| F|  |TAMS 0x0000000709400000, 0x0000000709400000| Untracked 
|  75|0x0000000709600000, 0x0000000709600000, 0x0000000709800000|  0%| F|  |TAMS 0x0000000709600000, 0x0000000709600000| Untracked 
|  76|0x0000000709800000, 0x0000000709800000, 0x0000000709a00000|  0%| F|  |TAMS 0x0000000709800000, 0x0000000709800000| Untracked 
|  77|0x0000000709a00000, 0x0000000709a00000, 0x0000000709c00000|  0%| F|  |TAMS 0x0000000709a00000, 0x0000000709a00000| Untracked 
|  78|0x0000000709c00000, 0x0000000709c00000, 0x0000000709e00000|  0%| F|  |TAMS 0x0000000709c00000, 0x0000000709c00000| Untracked 
|  79|0x0000000709e00000, 0x0000000709e00000, 0x000000070a000000|  0%| F|  |TAMS 0x0000000709e00000, 0x0000000709e00000| Untracked 
|  80|0x000000070a000000, 0x000000070a000000, 0x000000070a200000|  0%| F|  |TAMS 0x000000070a000000, 0x000000070a000000| Untracked 
|  81|0x000000070a200000, 0x000000070a200000, 0x000000070a400000|  0%| F|  |TAMS 0x000000070a200000, 0x000000070a200000| Untracked 
|  82|0x000000070a400000, 0x000000070a400000, 0x000000070a600000|  0%| F|  |TAMS 0x000000070a400000, 0x000000070a400000| Untracked 
|  83|0x000000070a600000, 0x000000070a700b60, 0x000000070a800000| 50%| E|  |TAMS 0x000000070a600000, 0x000000070a600000| Complete 
|  84|0x000000070a800000, 0x000000070aa00000, 0x000000070aa00000|100%| E|CS|TAMS 0x000000070a800000, 0x000000070a800000| Complete 
|  85|0x000000070aa00000, 0x000000070ac00000, 0x000000070ac00000|100%| E|CS|TAMS 0x000000070aa00000, 0x000000070aa00000| Complete 
|  86|0x000000070ac00000, 0x000000070ae00000, 0x000000070ae00000|100%| E|CS|TAMS 0x000000070ac00000, 0x000000070ac00000| Complete 
|  87|0x000000070ae00000, 0x000000070b000000, 0x000000070b000000|100%| E|CS|TAMS 0x000000070ae00000, 0x000000070ae00000| Complete 
|  88|0x000000070b000000, 0x000000070b200000, 0x000000070b200000|100%| E|CS|TAMS 0x000000070b000000, 0x000000070b000000| Complete 
|  89|0x000000070b200000, 0x000000070b400000, 0x000000070b400000|100%| E|CS|TAMS 0x000000070b200000, 0x000000070b200000| Complete 
|  90|0x000000070b400000, 0x000000070b600000, 0x000000070b600000|100%| E|CS|TAMS 0x000000070b400000, 0x000000070b400000| Complete 
|  91|0x000000070b600000, 0x000000070b800000, 0x000000070b800000|100%| E|CS|TAMS 0x000000070b600000, 0x000000070b600000| Complete 
|  92|0x000000070b800000, 0x000000070ba00000, 0x000000070ba00000|100%| E|CS|TAMS 0x000000070b800000, 0x000000070b800000| Complete 
|  93|0x000000070ba00000, 0x000000070bc00000, 0x000000070bc00000|100%| E|CS|TAMS 0x000000070ba00000, 0x000000070ba00000| Complete 
|  94|0x000000070bc00000, 0x000000070be00000, 0x000000070be00000|100%| E|CS|TAMS 0x000000070bc00000, 0x000000070bc00000| Complete 
|  95|0x000000070be00000, 0x000000070c000000, 0x000000070c000000|100%| E|CS|TAMS 0x000000070be00000, 0x000000070be00000| Complete 
|  96|0x000000070c000000, 0x000000070c200000, 0x000000070c200000|100%| E|CS|TAMS 0x000000070c000000, 0x000000070c000000| Complete 
|  97|0x000000070c200000, 0x000000070c400000, 0x000000070c400000|100%| E|CS|TAMS 0x000000070c200000, 0x000000070c200000| Complete 
|  98|0x000000070c400000, 0x000000070c600000, 0x000000070c600000|100%| E|CS|TAMS 0x000000070c400000, 0x000000070c400000| Complete 
|  99|0x000000070c600000, 0x000000070c800000, 0x000000070c800000|100%| E|CS|TAMS 0x000000070c600000, 0x000000070c600000| Complete 
| 100|0x000000070c800000, 0x000000070ca00000, 0x000000070ca00000|100%| E|CS|TAMS 0x000000070c800000, 0x000000070c800000| Complete 
| 101|0x000000070ca00000, 0x000000070cc00000, 0x000000070cc00000|100%| E|CS|TAMS 0x000000070ca00000, 0x000000070ca00000| Complete 
| 102|0x000000070cc00000, 0x000000070ce00000, 0x000000070ce00000|100%| E|CS|TAMS 0x000000070cc00000, 0x000000070cc00000| Complete 
| 103|0x000000070ce00000, 0x000000070d000000, 0x000000070d000000|100%| E|CS|TAMS 0x000000070ce00000, 0x000000070ce00000| Complete 
| 104|0x000000070d000000, 0x000000070d200000, 0x000000070d200000|100%| E|CS|TAMS 0x000000070d000000, 0x000000070d000000| Complete 
| 105|0x000000070d200000, 0x000000070d400000, 0x000000070d400000|100%| E|CS|TAMS 0x000000070d200000, 0x000000070d200000| Complete 
| 106|0x000000070d400000, 0x000000070d600000, 0x000000070d600000|100%| E|CS|TAMS 0x000000070d400000, 0x000000070d400000| Complete 
| 107|0x000000070d600000, 0x000000070d72e428, 0x000000070d800000| 59%| S|CS|TAMS 0x000000070d600000, 0x000000070d600000| Complete 
| 108|0x000000070d800000, 0x000000070da00000, 0x000000070da00000|100%| S|CS|TAMS 0x000000070d800000, 0x000000070d800000| Complete 
| 109|0x000000070da00000, 0x000000070dc00000, 0x000000070dc00000|100%| E|CS|TAMS 0x000000070da00000, 0x000000070da00000| Complete 
| 110|0x000000070dc00000, 0x000000070de00000, 0x000000070de00000|100%| E|CS|TAMS 0x000000070dc00000, 0x000000070dc00000| Complete 
| 111|0x000000070de00000, 0x000000070e000000, 0x000000070e000000|100%| E|CS|TAMS 0x000000070de00000, 0x000000070de00000| Complete 
| 112|0x000000070e000000, 0x000000070e200000, 0x000000070e200000|100%| E|CS|TAMS 0x000000070e000000, 0x000000070e000000| Complete 
| 113|0x000000070e200000, 0x000000070e400000, 0x000000070e400000|100%| E|CS|TAMS 0x000000070e200000, 0x000000070e200000| Complete 
| 114|0x000000070e400000, 0x000000070e600000, 0x000000070e600000|100%| E|CS|TAMS 0x000000070e400000, 0x000000070e400000| Complete 
| 115|0x000000070e600000, 0x000000070e800000, 0x000000070e800000|100%| E|CS|TAMS 0x000000070e600000, 0x000000070e600000| Complete 
| 116|0x000000070e800000, 0x000000070ea00000, 0x000000070ea00000|100%| E|CS|TAMS 0x000000070e800000, 0x000000070e800000| Complete 
| 117|0x000000070ea00000, 0x000000070ec00000, 0x000000070ec00000|100%| E|CS|TAMS 0x000000070ea00000, 0x000000070ea00000| Complete 
| 118|0x000000070ec00000, 0x000000070ee00000, 0x000000070ee00000|100%| E|CS|TAMS 0x000000070ec00000, 0x000000070ec00000| Complete 
| 119|0x000000070ee00000, 0x000000070f000000, 0x000000070f000000|100%| E|CS|TAMS 0x000000070ee00000, 0x000000070ee00000| Complete 
| 120|0x000000070f000000, 0x000000070f200000, 0x000000070f200000|100%| E|CS|TAMS 0x000000070f000000, 0x000000070f000000| Complete 
| 121|0x000000070f200000, 0x000000070f400000, 0x000000070f400000|100%| E|CS|TAMS 0x000000070f200000, 0x000000070f200000| Complete 
| 122|0x000000070f400000, 0x000000070f600000, 0x000000070f600000|100%| E|CS|TAMS 0x000000070f400000, 0x000000070f400000| Complete 
| 123|0x000000070f600000, 0x000000070f800000, 0x000000070f800000|100%| E|CS|TAMS 0x000000070f600000, 0x000000070f600000| Complete 
| 124|0x000000070f800000, 0x000000070fa00000, 0x000000070fa00000|100%| E|CS|TAMS 0x000000070f800000, 0x000000070f800000| Complete 
| 125|0x000000070fa00000, 0x000000070fc00000, 0x000000070fc00000|100%| E|CS|TAMS 0x000000070fa00000, 0x000000070fa00000| Complete 
| 126|0x000000070fc00000, 0x000000070fe00000, 0x000000070fe00000|100%| E|CS|TAMS 0x000000070fc00000, 0x000000070fc00000| Complete 
| 127|0x000000070fe00000, 0x0000000710000000, 0x0000000710000000|100%| E|CS|TAMS 0x000000070fe00000, 0x000000070fe00000| Complete 
|1534|0x00000007bfc00000, 0x00000007bfd51000, 0x00000007bfe00000| 65%|OA|  |TAMS 0x00000007bfc00000, 0x00000007bfc00000| Untracked 
|1535|0x00000007bfe00000, 0x00000007bfe79000, 0x00000007c0000000| 23%|CA|  |TAMS 0x00000007bfe00000, 0x00000007bfe00000| Untracked 

Card table byte_map: [0x000000010efc4000,0x000000010f7c4000] _byte_map_base: 0x000000010b7c4000

Marking Bits (Prev, Next): (CMBitMap*) 0x00007f861c808210, (CMBitMap*) 0x00007f861c808250
 Prev Bits: [0x00000001323de000, 0x00000001363de000)
 Next Bits: [0x00000001363de000, 0x000000013a3de000)

Polling page: 0x000000010d4ae000

Metaspace:

Usage:
  Non-class:     10.43 MB capacity,    10.21 MB ( 98%) used,   201.94 KB (  2%) free+waste,    22.12 KB ( <1%) overhead. 
      Class:      1.42 MB capacity,     1.31 MB ( 93%) used,    92.70 KB (  6%) free+waste,     9.88 KB ( <1%) overhead. 
       Both:     11.84 MB capacity,    11.52 MB ( 97%) used,   294.64 KB (  2%) free+waste,    32.00 KB ( <1%) overhead. 

Virtual space:
  Non-class space:       12.00 MB reserved,      10.50 MB ( 88%) committed 
      Class space:        1.00 GB reserved,       1.50 MB ( <1%) committed 
             Both:        1.01 GB reserved,      12.00 MB (  1%) committed 

Chunk freelists:
   Non-Class:  27.00 KB
       Class:  23.00 KB
        Both:  50.00 KB

MaxMetaspaceSize: 17179869184.00 GB
CompressedClassSpaceSize: 1.00 GB

CodeHeap 'non-profiled nmethods': size=119168Kb used=595Kb max_used=595Kb free=118572Kb
 bounds [0x000000012af7e000, 0x000000012b1ee000, 0x00000001323de000]
CodeHeap 'profiled nmethods': size=119164Kb used=3990Kb max_used=3990Kb free=115173Kb
 bounds [0x0000000123b1f000, 0x0000000123f0f000, 0x000000012af7e000]
CodeHeap 'non-nmethods': size=7428Kb used=1202Kb max_used=1280Kb free=6225Kb
 bounds [0x00000001233de000, 0x000000012364e000, 0x0000000123b1f000]
 total_blobs=2702 nmethods=2234 adapters=381
 compilation: enabled
              stopped_count=0, restarted_count=0
 full_count=0

Compilation events (20 events):
Event: 0.997 Thread 0x00007f861f009200 nmethod 2304 0x0000000123ef2890 code [0x0000000123ef2a60, 0x0000000123ef3050]
Event: 0.998 Thread 0x00007f861f009200 2305       2       org.eclipse.yasson.internal.model.Property::$jacocoInit (52 bytes)
Event: 0.998 Thread 0x00007f861f009200 nmethod 2305 0x0000000123ef3210 code [0x0000000123ef33e0, 0x0000000123ef3990]
Event: 0.998 Thread 0x00007f861f009200 2306       2       java.util.Optional::isPresent (13 bytes)
Event: 0.998 Thread 0x00007f861f009200 nmethod 2306 0x0000000123ef3b90 code [0x0000000123ef3d20, 0x0000000123ef3e30]
Event: 0.998 Thread 0x00007f861f009200 2307       2       java.lang.invoke.MethodHandles$Lookup::maybeBindCaller (48 bytes)
Event: 0.998 Thread 0x00007f861f009200 nmethod 2307 0x0000000123ef3e90 code [0x0000000123ef4040, 0x0000000123ef4360]
Event: 1.000 Thread 0x00007f861c8fd400 nmethod 1357 0x000000012b003790 code [0x000000012b004bc0, 0x000000012b00ce80]
Event: 1.001 Thread 0x00007f861c8fd400 1876       4       org.jacoco.agent.rt.internal_f3994fa.asm.MethodVisitor::visitVarInsn (17 bytes)
Event: 1.001 Thread 0x00007f861f009200 2309   !   2       java.lang.invoke.CallSite::makeSite (91 bytes)
Event: 1.001 Thread 0x00007f861c8fd400 nmethod 1876 0x000000012b011f10 code [0x000000012b012080, 0x000000012b012118]
Event: 1.001 Thread 0x00007f861c8fd400 1857 %     4       org.jacoco.agent.rt.internal_f3994fa.asm.ClassReader::readCode @ 4655 (5089 bytes)
Event: 1.002 Thread 0x00007f861f009200 nmethod 2309 0x0000000123ef4510 code [0x0000000123ef4780, 0x0000000123ef4e10]
Event: 1.002 Thread 0x00007f861f009200 2310       2       java.lang.invoke.ConstantCallSite::dynamicInvoker (5 bytes)
Event: 1.002 Thread 0x00007f861f009200 nmethod 2310 0x0000000123ef5610 code [0x0000000123ef57a0, 0x0000000123ef5960]
Event: 1.002 Thread 0x00007f861f009200 2312       2       jdk.internal.loader.AbstractClassLoaderValue::map (20 bytes)
Event: 1.002 Thread 0x00007f861f009200 nmethod 2312 0x0000000123ef5a90 code [0x0000000123ef5c20, 0x0000000123ef5d40]
Event: 1.002 Thread 0x00007f861f009200 2311       2       java.lang.invoke.Invokers::callSiteForm (308 bytes)
Event: 1.002 Thread 0x00007f861f009200 nmethod 2311 0x0000000123ef5e10 code [0x0000000123ef60a0, 0x0000000123ef6da0]
Event: 1.010 Thread 0x00007f861f009200 2316       2       java.lang.invoke.MethodType::methodType (14 bytes)

GC Heap History (4 events):
Event: 0.309 GC heap before
{Heap before GC invocations=0 (full 0):
 garbage-first heap   total 266240K, used 24360K [0x0000000700000000, 0x0000000800000000)
  region size 2048K, 11 young (22528K), 0 survivors (0K)
 Metaspace       used 3445K, capacity 6070K, committed 6272K, reserved 1056768K
  class space    used 334K, capacity 530K, committed 640K, reserved 1048576K
}
Event: 0.312 GC heap after
{Heap after GC invocations=1 (full 0):
 garbage-first heap   total 266240K, used 4840K [0x0000000700000000, 0x0000000800000000)
  region size 2048K, 2 young (4096K), 2 survivors (4096K)
 Metaspace       used 3445K, capacity 6070K, committed 6272K, reserved 1056768K
  class space    used 334K, capacity 530K, committed 640K, reserved 1048576K
}
Event: 0.533 GC heap before
{Heap before GC invocations=1 (full 0):
 garbage-first heap   total 266240K, used 39656K [0x0000000700000000, 0x0000000800000000)
  region size 2048K, 19 young (38912K), 2 survivors (4096K)
 Metaspace       used 6261K, capacity 8064K, committed 8192K, reserved 1056768K
  class space    used 613K, capacity 765K, committed 768K, reserved 1048576K
}
Event: 0.535 GC heap after
{Heap after GC invocations=2 (full 0):
 garbage-first heap   total 266240K, used 5089K [0x0000000700000000, 0x0000000800000000)
  region size 2048K, 2 young (4096K), 2 survivors (4096K)
 Metaspace       used 6261K, capacity 8064K, committed 8192K, reserved 1056768K
  class space    used 613K, capacity 765K, committed 768K, reserved 1048576K
}

Deoptimization events (20 events):
Event: 0.867 Thread 0x00007f861a019e00 DEOPT PACKING pc=0x0000000123e4fd04 sp=0x000070000f18daf0
Event: 0.867 Thread 0x00007f861a019e00 DEOPT UNPACKING pc=0x000000012342bf2b sp=0x000070000f18cfa0 mode 0
Event: 0.869 Thread 0x00007f861a019e00 DEOPT PACKING pc=0x0000000123e4fd04 sp=0x000070000f18e4d0
Event: 0.869 Thread 0x00007f861a019e00 DEOPT UNPACKING pc=0x000000012342bf2b sp=0x000070000f18d980 mode 0
Event: 0.869 Thread 0x00007f861a019e00 DEOPT PACKING pc=0x0000000123e4e736 sp=0x000070000f18e3d0
Event: 0.869 Thread 0x00007f861a019e00 DEOPT UNPACKING pc=0x000000012342bf2b sp=0x000070000f18d8c0 mode 0
Event: 0.870 Thread 0x00007f861a019e00 DEOPT PACKING pc=0x0000000123e4fd04 sp=0x000070000f18e4d0
Event: 0.870 Thread 0x00007f861a019e00 DEOPT UNPACKING pc=0x000000012342bf2b sp=0x000070000f18d980 mode 0
Event: 0.872 Thread 0x00007f861a019e00 DEOPT PACKING pc=0x0000000123e4e736 sp=0x000070000f18e3d0
Event: 0.872 Thread 0x00007f861a019e00 DEOPT UNPACKING pc=0x000000012342bf2b sp=0x000070000f18d8c0 mode 0
Event: 0.872 Thread 0x00007f861a019e00 DEOPT PACKING pc=0x0000000123e4fd04 sp=0x000070000f18e4d0
Event: 0.872 Thread 0x00007f861a019e00 DEOPT UNPACKING pc=0x000000012342bf2b sp=0x000070000f18d980 mode 0
Event: 0.873 Thread 0x00007f861a019e00 DEOPT PACKING pc=0x0000000123e4fd04 sp=0x000070000f18e460
Event: 0.873 Thread 0x00007f861a019e00 DEOPT UNPACKING pc=0x000000012342bf2b sp=0x000070000f18d910 mode 0
Event: 0.876 Thread 0x00007f861a019e00 DEOPT PACKING pc=0x0000000123e4e736 sp=0x000070000f18e3d0
Event: 0.876 Thread 0x00007f861a019e00 DEOPT UNPACKING pc=0x000000012342bf2b sp=0x000070000f18d8c0 mode 0
Event: 0.877 Thread 0x00007f861a019e00 DEOPT PACKING pc=0x0000000123e4fd04 sp=0x000070000f18e4d0
Event: 0.877 Thread 0x00007f861a019e00 DEOPT UNPACKING pc=0x000000012342bf2b sp=0x000070000f18d980 mode 0
Event: 1.010 Thread 0x00007f861a019e00 DEOPT PACKING pc=0x0000000123e4fd04 sp=0x000070000f18db60
Event: 1.010 Thread 0x00007f861a019e00 DEOPT UNPACKING pc=0x000000012342bf2b sp=0x000070000f18d010 mode 0

Classes unloaded (0 events):
No events

Classes redefined (0 events):
No events

Internal exceptions (20 events):
Event: 0.746 Thread 0x00007f861a019e00 Exception <a 'java/lang/NoSuchMethodError'{0x000000070e12aea8}: 'void java.lang.invoke.DirectMethodHandle$Holder.invokeStaticInit(java.lang.Object, java.lang.Object)'> (0x000000070e12aea8) 
thrown [src/hotspot/share/interpreter/linkResolver.cpp, line 782]
Event: 0.839 Thread 0x00007f861a019e00 Exception <a 'java/lang/NoSuchMethodError'{0x000000070cbad5c0}: 'void java.lang.invoke.DirectMethodHandle$Holder.invokeStatic(java.lang.Object, int, java.lang.Object, int, int)'> (0x000000070cbad5c0) 
thrown [src/hotspot/share/interpreter/linkResolver.cpp, line 782]
Event: 0.852 Thread 0x00007f861a019e00 Exception <a 'java/lang/NoSuchMethodError'{0x000000070c75fe50}: 'float java.lang.invoke.DirectMethodHandle$Holder.invokeStatic(java.lang.Object, java.lang.Object)'> (0x000000070c75fe50) 
thrown [src/hotspot/share/interpreter/linkResolver.cpp, line 782]
Event: 0.863 Thread 0x00007f861a019e00 Exception <a 'java/lang/NoSuchMethodError'{0x000000070c264e38}: 'java.lang.Object java.lang.invoke.DirectMethodHandle$Holder.newInvokeSpecial(java.lang.Object, double)'> (0x000000070c264e38) 
thrown [src/hotspot/share/interpreter/linkResolver.cpp, line 782]
Event: 0.865 Thread 0x00007f861a019e00 Exception <a 'java/lang/NoSuchMethodError'{0x000000070c28b898}: 'long java.lang.invoke.DirectMethodHandle$Holder.invokeStatic(java.lang.Object, java.lang.Object)'> (0x000000070c28b898) 
thrown [src/hotspot/share/interpreter/linkResolver.cpp, line 782]
Event: 0.866 Thread 0x00007f861a019e00 Exception <a 'java/lang/NoSuchMethodError'{0x000000070c2bb620}: 'double java.lang.invoke.DirectMethodHandle$Holder.invokeStatic(java.lang.Object, java.lang.Object)'> (0x000000070c2bb620) 
thrown [src/hotspot/share/interpreter/linkResolver.cpp, line 782]
Event: 0.874 Thread 0x00007f861a019e00 Exception <a 'java/lang/NoSuchMethodError'{0x000000070be3ebe8}: 'void java.lang.invoke.DirectMethodHandle$Holder.invokeStatic(java.lang.Object, long, java.lang.Object)'> (0x000000070be3ebe8) 
thrown [src/hotspot/share/interpreter/linkResolver.cpp, line 782]
Event: 0.881 Thread 0x00007f861cbf6e00 Exception <a 'java/io/FileNotFoundException'{0x000000070c3c22d0}> (0x000000070c3c22d0) 
thrown [src/hotspot/share/prims/jni.cpp, line 578]
Event: 0.885 Thread 0x00007f861cbf6e00 Exception <a 'java/lang/reflect/InvocationTargetException'{0x000000070c3e9cc8}> (0x000000070c3e9cc8) 
thrown [src/hotspot/share/runtime/reflection.cpp, line 1157]
Event: 0.885 Thread 0x00007f861a019e00 Exception <a 'java/lang/reflect/InvocationTargetException'{0x000000070bfd92c0}> (0x000000070bfd92c0) 
thrown [src/hotspot/share/runtime/reflection.cpp, line 1157]
Event: 0.980 Thread 0x00007f861cbf6e00 Exception <a 'java/lang/NoSuchMethodError'{0x000000070b4e3eb0}: 'java.lang.Object java.lang.invoke.DirectMethodHandle$Holder.invokeStatic(java.lang.Object, java.lang.Object, int)'> (0x000000070b4e3eb0) 
thrown [src/hotspot/share/interpreter/linkResolver.cpp, line 782]
Event: 0.981 Thread 0x00007f861cbf6e00 Exception <a 'java/lang/NoSuchMethodError'{0x000000070b4ef318}: 'void java.lang.invoke.DelegatingMethodHandle$Holder.delegate(java.lang.Object, java.lang.Object, int, java.lang.Object)'> (0x000000070b4ef318) 
thrown [src/hotspot/share/interpreter/linkResolver.cpp, line 782]
Event: 0.994 Thread 0x00007f861cbf6e00 Exception <a 'java/lang/NoSuchMethodError'{0x000000070ac531b8}: 'int java.lang.invoke.DirectMethodHandle$Holder.invokeInterface(java.lang.Object, java.lang.Object)'> (0x000000070ac531b8) 
thrown [src/hotspot/share/interpreter/linkResolver.cpp, line 782]
Event: 0.994 Thread 0x00007f861a019e00 Exception <a 'java/lang/NoSuchMethodError'{0x000000070aa6a9a0}: 'int java.lang.invoke.DirectMethodHandle$Holder.invokeInterface(java.lang.Object, java.lang.Object)'> (0x000000070aa6a9a0) 
thrown [src/hotspot/share/interpreter/linkResolver.cpp, line 782]
Event: 0.998 Thread 0x00007f861cbf6e00 Exception <a 'java/lang/NoSuchMethodError'{0x000000070ac93ef8}: 'int java.lang.invoke.DirectMethodHandle$Holder.invokeStatic(java.lang.Object, java.lang.Object, java.lang.Object, java.lang.Object)'> (0x000000070ac93ef8) 
thrown [src/hotspot/share/interpreter/linkResolver.cpp, line 782]
Event: 0.998 Thread 0x00007f861a019e00 Exception <a 'java/lang/NoSuchMethodError'{0x000000070aa9a1b0}: 'int java.lang.invoke.DirectMethodHandle$Holder.invokeStatic(java.lang.Object, java.lang.Object, java.lang.Object, java.lang.Object)'> (0x000000070aa9a1b0) 
thrown [src/hotspot/share/interpreter/linkResolver.cpp, line 782]
Event: 0.998 Thread 0x00007f861cbf6e00 Exception <a 'java/lang/NoSuchMethodError'{0x000000070ac97ed0}: 'java.lang.Object java.lang.invoke.Invokers$Holder.invokeExact_MT(java.lang.Object, java.lang.Object, java.lang.Object, java.lang.Object, java.lang.Object, java.lang.Object)'> (0x000000070ac97ed0) 
thrown [src/hotspot/share/interpreter/linkResolver.cpp, line 782]
Event: 0.998 Thread 0x00007f861a019e00 Exception <a 'java/lang/NoSuchMethodError'{0x000000070aa9dff0}: 'java.lang.Object java.lang.invoke.Invokers$Holder.invokeExact_MT(java.lang.Object, java.lang.Object, java.lang.Object, java.lang.Object, java.lang.Object, java.lang.Object)'> (0x000000070aa9dff0) 
thrown [src/hotspot/share/interpreter/linkResolver.cpp, line 782]
Event: 1.006 Thread 0x00007f861cbf6e00 Exception <a 'java/lang/NullPointerException'{0x000000070a854dd8}> (0x000000070a854dd8) 
thrown [src/hotspot/share/interpreter/linkResolver.cpp, line 1457]
Event: 1.007 Thread 0x00007f861cbf6e00 Exception <a 'sun/nio/fs/UnixException'{0x000000070a856db0}> (0x000000070a856db0) 
thrown [src/hotspot/share/prims/jni.cpp, line 578]

Events (20 events):
Event: 1.007 loading class sun/nio/ch/FileChannelImpl$Closer
Event: 1.007 loading class sun/nio/ch/FileChannelImpl$Closer done
Event: 1.007 loading class java/nio/channels/Channels
Event: 1.008 loading class java/nio/channels/Channels done
Event: 1.008 loading class java/util/Collections$UnmodifiableMap$UnmodifiableEntrySet
Event: 1.008 loading class java/util/Collections$UnmodifiableMap$UnmodifiableEntrySet done
Event: 1.008 loading class java/util/Collections$UnmodifiableMap$UnmodifiableEntrySet$1
Event: 1.008 loading class java/util/Collections$UnmodifiableMap$UnmodifiableEntrySet$1 done
Event: 1.008 loading class java/util/Collections$UnmodifiableMap$UnmodifiableEntrySet$UnmodifiableEntry
Event: 1.008 loading class java/util/Collections$UnmodifiableMap$UnmodifiableEntrySet$UnmodifiableEntry done
Event: 1.009 loading class java/util/concurrent/CompletableFuture
Event: 1.009 loading class java/util/concurrent/CompletionStage
Event: 1.009 loading class java/util/concurrent/CompletionStage done
Event: 1.009 loading class java/util/concurrent/CompletableFuture done
Event: 1.009 loading class java/util/concurrent/CompletableFuture$AltResult
Event: 1.009 loading class java/util/concurrent/CompletableFuture$AltResult done
Event: 1.009 loading class java/util/concurrent/CompletableFuture$Completion
Event: 1.009 loading class java/util/concurrent/CompletableFuture$AsynchronousCompletionTask
Event: 1.009 loading class java/util/concurrent/CompletableFuture$AsynchronousCompletionTask done
Event: 1.009 loading class java/util/concurrent/CompletableFuture$Completion done


Dynamic libraries:
0x00007fff2a62c000 	/usr/lib/libz.1.dylib
0x000000010d4b0000 	/usr/local/Cellar/openjdk/15.0.1/libexec/openjdk.jdk/Contents/Home/lib/libjli.dylib
0x00007fff3517e000 	/System/Library/Frameworks/Cocoa.framework/Versions/A/Cocoa
0x00007fff223a3000 	/System/Library/Frameworks/Security.framework/Versions/A/Security
0x00007fff3337b000 	/System/Library/Frameworks/ApplicationServices.framework/Versions/A/ApplicationServices
0x00007fff2a6f4000 	/usr/lib/libSystem.B.dylib
0x00007fff2a6ee000 	/usr/lib/system/libcache.dylib
0x00007fff2a6aa000 	/usr/lib/system/libcommonCrypto.dylib
0x00007fff2a6d4000 	/usr/lib/system/libcompiler_rt.dylib
0x00007fff2a6c9000 	/usr/lib/system/libcopyfile.dylib
0x00007fff20277000 	/usr/lib/system/libcorecrypto.dylib
0x00007fff20344000 	/usr/lib/system/libdispatch.dylib
0x00007fff204f8000 	/usr/lib/system/libdyld.dylib
0x00007fff2a6e5000 	/usr/lib/system/libkeymgr.dylib
0x00007fff2db2d000 	/usr/lib/system/liblaunch.dylib
0x00007fff2a688000 	/usr/lib/system/libmacho.dylib
0x00007fff29ea2000 	/usr/lib/system/libquarantine.dylib
0x00007fff2a6e2000 	/usr/lib/system/libremovefile.dylib
0x00007fff24d3a000 	/usr/lib/system/libsystem_asl.dylib
0x00007fff20227000 	/usr/lib/system/libsystem_blocks.dylib
0x00007fff203c5000 	/usr/lib/system/libsystem_c.dylib
0x00007fff2a6dc000 	/usr/lib/system/libsystem_collections.dylib
0x00007fff29196000 	/usr/lib/system/libsystem_configuration.dylib
0x00007fff28489000 	/usr/lib/system/libsystem_containermanager.dylib
0x00007fff2a424000 	/usr/lib/system/libsystem_coreservices.dylib
0x00007fff22957000 	/usr/lib/system/libsystem_darwin.dylib
0x00007fff2a6e6000 	/usr/lib/system/libsystem_dnssd.dylib
0x00007fff203c2000 	/usr/lib/system/libsystem_featureflags.dylib
0x00007fff2053d000 	/usr/lib/system/libsystem_info.dylib
0x00007fff2a63f000 	/usr/lib/system/libsystem_m.dylib
0x00007fff20317000 	/usr/lib/system/libsystem_malloc.dylib
0x00007fff24cce000 	/usr/lib/system/libsystem_networkextension.dylib
0x00007fff22d72000 	/usr/lib/system/libsystem_notify.dylib
0x00007fff2ffe1000 	/usr/lib/system/libsystem_product_info_filter.dylib
0x00007fff2919a000 	/usr/lib/system/libsystem_sandbox.dylib
0x00007fff2a6df000 	/usr/lib/system/libsystem_secinit.dylib
0x00007fff204bd000 	/usr/lib/system/libsystem_kernel.dylib
0x00007fff20533000 	/usr/lib/system/libsystem_platform.dylib
0x00007fff204ec000 	/usr/lib/system/libsystem_pthread.dylib
0x00007fff26439000 	/usr/lib/system/libsystem_symptoms.dylib
0x00007fff2025f000 	/usr/lib/system/libsystem_trace.dylib
0x00007fff2a6b6000 	/usr/lib/system/libunwind.dylib
0x00007fff20229000 	/usr/lib/system/libxpc.dylib
0x00007fff204a4000 	/usr/lib/libc++abi.dylib
0x00007fff20389000 	/usr/lib/libobjc.A.dylib
0x00007fff2a6c1000 	/usr/lib/liboah.dylib
0x00007fff2044e000 	/usr/lib/libc++.1.dylib
0x00007fff20569000 	/System/Library/Frameworks/CoreFoundation.framework/Versions/A/CoreFoundation
0x00007fff21316000 	/System/Library/Frameworks/Foundation.framework/Versions/C/Foundation
0x00007fff22dca000 	/System/Library/Frameworks/AppKit.framework/Versions/C/AppKit
0x00007fff25c62000 	/System/Library/Frameworks/CoreData.framework/Versions/A/CoreData
0x00007fff23b2d000 	/System/Library/PrivateFrameworks/UIFoundation.framework/Versions/A/UIFoundation
0x00007fff2fd5a000 	/System/Library/PrivateFrameworks/RemoteViewServices.framework/Versions/A/RemoteViewServices
0x00007fff28b53000 	/System/Library/PrivateFrameworks/XCTTargetBootstrap.framework/Versions/A/XCTTargetBootstrap
0x00007fff2b834000 	/usr/lib/libspindump.dylib
0x00007fff23d82000 	/System/Library/Frameworks/UniformTypeIdentifiers.framework/Versions/A/UniformTypeIdentifiers
0x00007fff27329000 	/usr/lib/libapp_launch_measurement.dylib
0x00007fff2732c000 	/System/Library/PrivateFrameworks/CoreAutoLayout.framework/Versions/A/CoreAutoLayout
0x00007fff284b5000 	/System/Library/Frameworks/Metal.framework/Versions/A/Metal
0x00007fff291a5000 	/usr/lib/liblangid.dylib
0x00007fff28b57000 	/System/Library/PrivateFrameworks/CoreSVG.framework/Versions/A/CoreSVG
0x00007fff24d69000 	/System/Library/PrivateFrameworks/SkyLight.framework/Versions/A/SkyLight
0x00007fff250d0000 	/System/Library/Frameworks/CoreGraphics.framework/Versions/A/CoreGraphics
0x00007fff303b1000 	/System/Library/Frameworks/Accelerate.framework/Versions/A/Accelerate
0x00007fff2b26f000 	/System/Library/PrivateFrameworks/IconServices.framework/Versions/A/IconServices
0x00007fff2849a000 	/System/Library/Frameworks/IOSurface.framework/Versions/A/IOSurface
0x00007fff265eb000 	/usr/lib/libDiagnosticMessagesClient.dylib
0x00007fff28b3f000 	/System/Library/PrivateFrameworks/DFRFoundation.framework/Versions/A/DFRFoundation
0x00007fff226f5000 	/usr/lib/libicucore.A.dylib
0x00007fff2cd7b000 	/System/Library/Frameworks/AudioToolbox.framework/Versions/A/AudioToolbox
0x00007fff2c020000 	/System/Library/PrivateFrameworks/DataDetectorsCore.framework/Versions/A/DataDetectorsCore
0x00007fff2883f000 	/System/Library/Frameworks/Carbon.framework/Versions/A/Frameworks/HIToolbox.framework/Versions/A/HIToolbox
0x00007fff26d84000 	/System/Library/Frameworks/QuartzCore.framework/Versions/A/QuartzCore
0x00007fff2fd96000 	/System/Library/Frameworks/Carbon.framework/Versions/A/Frameworks/SpeechRecognition.framework/Versions/A/SpeechRecognition
0x00007fff27091000 	/System/Library/PrivateFrameworks/CoreUI.framework/Versions/A/CoreUI
0x00007fff21cfe000 	/System/Library/Frameworks/CoreAudio.framework/Versions/A/CoreAudio
0x00007fff266d6000 	/System/Library/Frameworks/DiskArbitration.framework/Versions/A/DiskArbitration
0x00007fff2bc2f000 	/System/Library/PrivateFrameworks/MultitouchSupport.framework/Versions/A/MultitouchSupport
0x00007fff2c017000 	/System/Library/PrivateFrameworks/InternationalSupport.framework/Versions/A/InternationalSupport
0x00007fff24cdd000 	/usr/lib/libenergytrace.dylib
0x00007fff22cc3000 	/System/Library/Frameworks/IOKit.framework/Versions/A/IOKit
0x00007fff300e3000 	/System/Library/Frameworks/CoreServices.framework/Versions/A/CoreServices
0x00007fff272bf000 	/System/Library/PrivateFrameworks/PerformanceAnalysis.framework/Versions/A/PerformanceAnalysis
0x00007fff6ca4c000 	/System/Library/Frameworks/OpenGL.framework/Versions/A/OpenGL
0x00007fff2c09c000 	/System/Library/PrivateFrameworks/UserActivity.framework/Versions/A/UserActivity
0x00007fff25764000 	/System/Library/Frameworks/ColorSync.framework/Versions/A/ColorSync
0x00007fff28dbc000 	/System/Library/Frameworks/CoreImage.framework/Versions/A/CoreImage
0x00007fff21b15000 	/System/Library/Frameworks/CoreText.framework/Versions/A/CoreText
0x00007fff28b81000 	/System/Library/Frameworks/ImageIO.framework/Versions/A/ImageIO
0x00007fff2a6fa000 	/System/Library/PrivateFrameworks/SoftLinking.framework/Versions/A/SoftLinking
0x00007fff27375000 	/usr/lib/libxml2.2.dylib
0x00007fff2a96c000 	/usr/lib/libcompression.dylib
0x00007fff24cde000 	/usr/lib/libMobileGestalt.dylib
0x00007fff2bf4a000 	/System/Library/PrivateFrameworks/TextureIO.framework/Versions/A/TextureIO
0x00007fff2af92000 	/usr/lib/libate.dylib
0x00007fff2ad77000 	/usr/lib/liblzma.5.dylib
0x00007fff2102a000 	/System/Library/Frameworks/SystemConfiguration.framework/Versions/A/SystemConfiguration
0x00007fff2a6f6000 	/usr/lib/libfakelink.dylib
0x00007fff24830000 	/System/Library/Frameworks/CFNetwork.framework/Versions/A/CFNetwork
0x00007fff2a836000 	/usr/lib/libarchive.2.dylib
0x00007fff210a8000 	/usr/lib/libCRFSuite.dylib
0x00007fff29ec9000 	/usr/lib/libbsm.0.dylib
0x00007fff241ec000 	/usr/lib/libnetwork.dylib
0x00007fff2a6fb000 	/usr/lib/libpcap.A.dylib
0x00007fff26432000 	/usr/lib/libdns_services.dylib
0x00007fff2ad90000 	/usr/lib/libcoretls_cfhelpers.dylib
0x00007fff2a93a000 	/usr/lib/libapple_nghttp2.dylib
0x00007fff2a68e000 	/usr/lib/system/libkxld.dylib
0x00007fff26098000 	/usr/lib/libsqlite3.dylib
0x00007fff2a406000 	/System/Library/PrivateFrameworks/AppleFSCompression.framework/Versions/A/AppleFSCompression
0x00007fff29eb1000 	/usr/lib/libcoretls.dylib
0x00007fff2a967000 	/usr/lib/libpam.2.dylib
0x00007fff2ae8d000 	/usr/lib/libxar.1.dylib
0x00007fff291a1000 	/System/Library/PrivateFrameworks/AppleSystemInfo.framework/Versions/A/AppleSystemInfo
0x00007fff29af4000 	/System/Library/PrivateFrameworks/IOMobileFramebuffer.framework/Versions/A/IOMobileFramebuffer
0x00007fff2a416000 	/usr/lib/libbz2.1.0.dylib
0x00007fff2a733000 	/usr/lib/libiconv.2.dylib
0x00007fff2a687000 	/usr/lib/libcharset.1.dylib
0x00007fff272fb000 	/System/Library/Frameworks/CoreServices.framework/Versions/A/Frameworks/FSEvents.framework/Versions/A/FSEvents
0x00007fff22961000 	/System/Library/Frameworks/CoreServices.framework/Versions/A/Frameworks/CarbonCore.framework/Versions/A/CarbonCore
0x00007fff2663b000 	/System/Library/Frameworks/CoreServices.framework/Versions/A/Frameworks/Metadata.framework/Versions/A/Metadata
0x00007fff2a429000 	/System/Library/Frameworks/CoreServices.framework/Versions/A/Frameworks/OSServices.framework/Versions/A/OSServices
0x00007fff2a8a8000 	/System/Library/Frameworks/CoreServices.framework/Versions/A/Frameworks/SearchKit.framework/Versions/A/SearchKit
0x00007fff263bc000 	/System/Library/Frameworks/CoreServices.framework/Versions/A/Frameworks/AE.framework/Versions/A/AE
0x00007fff20a05000 	/System/Library/Frameworks/CoreServices.framework/Versions/A/Frameworks/LaunchServices.framework/Versions/A/LaunchServices
0x00007fff2ad28000 	/System/Library/Frameworks/CoreServices.framework/Versions/A/Frameworks/DictionaryServices.framework/Versions/A/DictionaryServices
0x00007fff27304000 	/System/Library/Frameworks/CoreServices.framework/Versions/A/Frameworks/SharedFileList.framework/Versions/A/SharedFileList
0x00007fff29ea5000 	/usr/lib/libCheckFix.dylib
0x00007fff24d51000 	/System/Library/PrivateFrameworks/TCC.framework/Versions/A/TCC
0x00007fff291a7000 	/System/Library/PrivateFrameworks/CoreNLP.framework/Versions/A/CoreNLP
0x00007fff265ee000 	/System/Library/PrivateFrameworks/MetadataUtilities.framework/Versions/A/MetadataUtilities
0x00007fff210de000 	/usr/lib/libmecabra.dylib
0x00007fff2a1b8000 	/System/Library/Frameworks/MLCompute.framework/Versions/A/MLCompute
0x00007fff29eda000 	/usr/lib/libmecab.dylib
0x00007fff29f24000 	/usr/lib/libgermantok.dylib
0x00007fff2a910000 	/usr/lib/libThaiTokenizer.dylib
0x00007fff2aec8000 	/usr/lib/libChineseTokenizer.dylib
0x00007fff2a965000 	/System/Library/Frameworks/MetalPerformanceShaders.framework/Versions/A/MetalPerformanceShaders
0x00007fff266dd000 	/System/Library/Frameworks/Accelerate.framework/Versions/A/Frameworks/vImage.framework/Versions/A/vImage
0x00007fff300bc000 	/System/Library/Frameworks/Accelerate.framework/Versions/A/Frameworks/vecLib.framework/Versions/A/vecLib
0x00007fff2aed3000 	/System/Library/Frameworks/Accelerate.framework/Versions/A/Frameworks/vecLib.framework/Versions/A/libvMisc.dylib
0x00007fff2990d000 	/System/Library/Frameworks/Accelerate.framework/Versions/A/Frameworks/vecLib.framework/Versions/A/libvDSP.dylib
0x00007fff20d09000 	/System/Library/Frameworks/Accelerate.framework/Versions/A/Frameworks/vecLib.framework/Versions/A/libBLAS.dylib
0x00007fff2a98b000 	/System/Library/Frameworks/Accelerate.framework/Versions/A/Frameworks/vecLib.framework/Versions/A/libLAPACK.dylib
0x00007fff29f2a000 	/System/Library/Frameworks/Accelerate.framework/Versions/A/Frameworks/vecLib.framework/Versions/A/libLinearAlgebra.dylib
0x00007fff2a952000 	/System/Library/Frameworks/Accelerate.framework/Versions/A/Frameworks/vecLib.framework/Versions/A/libSparseBLAS.dylib
0x00007fff2a985000 	/System/Library/Frameworks/Accelerate.framework/Versions/A/Frameworks/vecLib.framework/Versions/A/libQuadrature.dylib
0x00007fff2924f000 	/System/Library/Frameworks/Accelerate.framework/Versions/A/Frameworks/vecLib.framework/Versions/A/libBNNS.dylib
0x00007fff20fbb000 	/System/Library/Frameworks/Accelerate.framework/Versions/A/Frameworks/vecLib.framework/Versions/A/libSparse.dylib
0x00007fff2913a000 	/System/Library/Frameworks/MetalPerformanceShaders.framework/Versions/A/Frameworks/MPSCore.framework/Versions/A/MPSCore
0x00007fff2a375000 	/System/Library/Frameworks/MetalPerformanceShaders.framework/Versions/A/Frameworks/MPSImage.framework/Versions/A/MPSImage
0x00007fff29f40000 	/System/Library/Frameworks/MetalPerformanceShaders.framework/Versions/A/Frameworks/MPSNeuralNetwork.framework/Versions/A/MPSNeuralNetwork
0x00007fff2a300000 	/System/Library/Frameworks/MetalPerformanceShaders.framework/Versions/A/Frameworks/MPSMatrix.framework/Versions/A/MPSMatrix
0x00007fff2a168000 	/System/Library/Frameworks/MetalPerformanceShaders.framework/Versions/A/Frameworks/MPSRayIntersector.framework/Versions/A/MPSRayIntersector
0x00007fff2a337000 	/System/Library/Frameworks/MetalPerformanceShaders.framework/Versions/A/Frameworks/MPSNDArray.framework/Versions/A/MPSNDArray
0x00007fff20c35000 	/System/Library/PrivateFrameworks/MetalTools.framework/Versions/A/MetalTools
0x00007fff2919f000 	/System/Library/PrivateFrameworks/AggregateDictionary.framework/Versions/A/AggregateDictionary
0x00007fff265c6000 	/System/Library/PrivateFrameworks/CoreAnalytics.framework/Versions/A/CoreAnalytics
0x00007fff2a912000 	/System/Library/PrivateFrameworks/AppleSauce.framework/Versions/A/AppleSauce
0x00007fff284ac000 	/System/Library/PrivateFrameworks/IOAccelerator.framework/Versions/A/IOAccelerator
0x00007fff6ca40000 	/System/Library/Frameworks/OpenGL.framework/Versions/A/Libraries/libCoreFSCache.dylib
0x00007fff2167a000 	/System/Library/PrivateFrameworks/LanguageModeling.framework/Versions/A/LanguageModeling
0x00007fff29ae1000 	/System/Library/PrivateFrameworks/CoreEmoji.framework/Versions/A/CoreEmoji
0x00007fff29248000 	/System/Library/PrivateFrameworks/LinguisticData.framework/Versions/A/LinguisticData
0x00007fff20f6d000 	/System/Library/PrivateFrameworks/Lexicon.framework/Versions/A/Lexicon
0x00007fff2a824000 	/usr/lib/libcmph.dylib
0x00007fff272db000 	/System/Library/Frameworks/OpenDirectory.framework/Versions/A/Frameworks/CFOpenDirectory.framework/Versions/A/CFOpenDirectory
0x00007fff272cb000 	/System/Library/Frameworks/OpenDirectory.framework/Versions/A/OpenDirectory
0x00007fff2ad92000 	/System/Library/PrivateFrameworks/APFS.framework/Versions/A/APFS
0x00007fff29e06000 	/System/Library/Frameworks/SecurityFoundation.framework/Versions/A/SecurityFoundation
0x00007fff2ae9b000 	/usr/lib/libutil.dylib
0x00007fff22c88000 	/System/Library/PrivateFrameworks/CoreServicesStore.framework/Versions/A/CoreServicesStore
0x00007fff29e9d000 	/System/Library/Frameworks/ServiceManagement.framework/Versions/A/ServiceManagement
0x00007fff2ae9f000 	/usr/lib/libxslt.1.dylib
0x00007fff29e93000 	/System/Library/PrivateFrameworks/BackgroundTaskManagement.framework/Versions/A/BackgroundTaskManagement
0x00007fff2be94000 	/System/Library/Frameworks/ImageIO.framework/Versions/A/Resources/libRadiance.dylib
0x00007fff2be9e000 	/System/Library/Frameworks/ImageIO.framework/Versions/A/Resources/libJPEG.dylib
0x00007fff2bde9000 	/System/Library/Frameworks/ImageIO.framework/Versions/A/Resources/libPng.dylib
0x00007fff2be10000 	/System/Library/Frameworks/ImageIO.framework/Versions/A/Resources/libTIFF.dylib
0x00007fff2bef3000 	/System/Library/Frameworks/ImageIO.framework/Versions/A/Resources/libGIF.dylib
0x00007fff2bb4c000 	/System/Library/Frameworks/ImageIO.framework/Versions/A/Resources/libJP2.dylib
0x00007fff2b236000 	/usr/lib/libexpat.1.dylib
0x00007fff2bb01000 	/System/Library/PrivateFrameworks/AppleJPEG.framework/Versions/A/AppleJPEG
0x00007fff286e2000 	/System/Library/PrivateFrameworks/FontServices.framework/libFontParser.dylib
0x00007fff26370000 	/System/Library/PrivateFrameworks/RunningBoardServices.framework/Versions/A/RunningBoardServices
0x00007fff2bc2b000 	/System/Library/PrivateFrameworks/WatchdogClient.framework/Versions/A/WatchdogClient
0x00007fff21767000 	/System/Library/Frameworks/CoreDisplay.framework/Versions/A/CoreDisplay
0x00007fff285f8000 	/System/Library/Frameworks/CoreMedia.framework/Versions/A/CoreMedia
0x00007fff27458000 	/System/Library/Frameworks/CoreVideo.framework/Versions/A/CoreVideo
0x00007fff2bc63000 	/System/Library/Frameworks/VideoToolbox.framework/Versions/A/VideoToolbox
0x00007fff262ee000 	/System/Library/PrivateFrameworks/BaseBoard.framework/Versions/A/BaseBoard
0x00007fff2b37b000 	/System/Library/PrivateFrameworks/PersistentConnection.framework/Versions/A/PersistentConnection
0x00007fff26081000 	/System/Library/PrivateFrameworks/ProtocolBuffer.framework/Versions/A/ProtocolBuffer
0x00007fff262d5000 	/System/Library/PrivateFrameworks/CommonUtilities.framework/Versions/A/CommonUtilities
0x00007fff2ba96000 	/System/Library/PrivateFrameworks/Bom.framework/Versions/A/Bom
0x00007fff2be8d000 	/System/Library/PrivateFrameworks/GPUWrangler.framework/Versions/A/GPUWrangler
0x00007fff2be70000 	/System/Library/PrivateFrameworks/IOPresentment.framework/Versions/A/IOPresentment
0x00007fff2be98000 	/System/Library/PrivateFrameworks/DSExternalDisplay.framework/Versions/A/DSExternalDisplay
0x00007fff2bef8000 	/System/Library/PrivateFrameworks/CMCaptureCore.framework/Versions/A/CMCaptureCore
0x00007fff2b81b000 	/System/Library/PrivateFrameworks/AppServerSupport.framework/Versions/A/AppServerSupport
0x00007fff2d8cc000 	/System/Library/PrivateFrameworks/perfdata.framework/Versions/A/perfdata
0x00007fff29df5000 	/System/Library/PrivateFrameworks/AssertionServices.framework/Versions/A/AssertionServices
0x00007fff2189e000 	/System/Library/PrivateFrameworks/AudioToolboxCore.framework/Versions/A/AudioToolboxCore
0x00007fff285db000 	/System/Library/PrivateFrameworks/caulk.framework/Versions/A/caulk
0x00007fff3d577000 	/System/Library/PrivateFrameworks/SystemPolicy.framework/Versions/A/SystemPolicy
0x00007fff2b02b000 	/usr/lib/libIOReport.dylib
0x00007fff2d0ee000 	/usr/lib/libSMC.dylib
0x00007fff2bdb6000 	/usr/lib/libAudioToolboxUtility.dylib
0x00007fff3dee1000 	/usr/lib/libmis.dylib
0x00007fff6ca9c000 	/System/Library/Frameworks/OpenGL.framework/Versions/A/Libraries/libGLU.dylib
0x00007fff6ca5f000 	/System/Library/Frameworks/OpenGL.framework/Versions/A/Libraries/libGFXShared.dylib
0x00007fff6cc6e000 	/System/Library/Frameworks/OpenGL.framework/Versions/A/Libraries/libGL.dylib
0x00007fff6ca68000 	/System/Library/Frameworks/OpenGL.framework/Versions/A/Libraries/libGLImage.dylib
0x00007fff6ca5c000 	/System/Library/Frameworks/OpenGL.framework/Versions/A/Libraries/libCVMSPluginSupport.dylib
0x00007fff6ca47000 	/System/Library/Frameworks/OpenGL.framework/Versions/A/Libraries/libCoreVMClient.dylib
0x00007fff6e0af000 	/System/Library/Frameworks/OpenCL.framework/Versions/A/OpenCL
0x00007fff2b3a5000 	/System/Library/PrivateFrameworks/GraphVisualizer.framework/Versions/A/GraphVisualizer
0x00007fff2b3b4000 	/System/Library/PrivateFrameworks/FaceCore.framework/Versions/A/FaceCore
0x00007fff2b7d0000 	/System/Library/PrivateFrameworks/OTSVG.framework/Versions/A/OTSVG
0x00007fff2704f000 	/System/Library/Frameworks/ApplicationServices.framework/Versions/A/Frameworks/ATS.framework/Versions/A/Resources/libFontRegistry.dylib
0x00007fff2b822000 	/System/Library/PrivateFrameworks/FontServices.framework/libhvf.dylib
0x00007fff2b1e2000 	/System/Library/PrivateFrameworks/AppleVA.framework/Versions/A/AppleVA
0x00007fff2cf37000 	/System/Library/Frameworks/ApplicationServices.framework/Versions/A/Frameworks/ATS.framework/Versions/A/ATS
0x00007fff2d249000 	/System/Library/Frameworks/ApplicationServices.framework/Versions/A/Frameworks/ColorSyncLegacy.framework/Versions/A/ColorSyncLegacy
0x00007fff2585b000 	/System/Library/Frameworks/ApplicationServices.framework/Versions/A/Frameworks/HIServices.framework/Versions/A/HIServices
0x00007fff2d22e000 	/System/Library/Frameworks/ApplicationServices.framework/Versions/A/Frameworks/LangAnalysis.framework/Versions/A/LangAnalysis
0x00007fff2bf02000 	/System/Library/Frameworks/ApplicationServices.framework/Versions/A/Frameworks/PrintCore.framework/Versions/A/PrintCore
0x00007fff2d251000 	/System/Library/Frameworks/ApplicationServices.framework/Versions/A/Frameworks/QD.framework/Versions/A/QD
0x00007fff2cf27000 	/System/Library/Frameworks/ApplicationServices.framework/Versions/A/Frameworks/SpeechSynthesis.framework/Versions/A/SpeechSynthesis
0x00007fff2bec3000 	/System/Library/Frameworks/ApplicationServices.framework/Versions/A/Frameworks/ATSUI.framework/Versions/A/ATSUI
0x00007fff2d1ce000 	/usr/lib/libcups.2.dylib
0x00007fff2d23e000 	/System/Library/PrivateFrameworks/NetAuth.framework/Versions/A/NetAuth
0x00007fff2d8e8000 	/System/Library/Frameworks/Kerberos.framework/Versions/A/Kerberos
0x00007fff2d8f8000 	/System/Library/Frameworks/GSS.framework/Versions/A/GSS
0x00007fff2cfa3000 	/usr/lib/libresolv.9.dylib
0x00007fff2b837000 	/System/Library/PrivateFrameworks/Heimdal.framework/Versions/A/Heimdal
0x00007fff3367c000 	/System/Library/Frameworks/Kerberos.framework/Versions/A/Libraries/libHeimdalProxy.dylib
0x00007fff26441000 	/System/Library/Frameworks/Network.framework/Versions/A/Network
0x00007fff2b250000 	/usr/lib/libheimdal-asn1.dylib
0x00007fff2d948000 	/System/Library/PrivateFrameworks/CommonAuth.framework/Versions/A/CommonAuth
0x00007fff274a5000 	/System/Library/PrivateFrameworks/login.framework/Versions/A/Frameworks/loginsupport.framework/Versions/A/loginsupport
0x00007fff2ceac000 	/System/Library/PrivateFrameworks/AudioSession.framework/Versions/A/AudioSession
0x00007fff2cf14000 	/usr/lib/libAudioStatistics.dylib
0x00007fff2b2dd000 	/System/Library/PrivateFrameworks/MediaExperience.framework/Versions/A/MediaExperience
0x00007fff2cd49000 	/System/Library/PrivateFrameworks/AudioSession.framework/libSessionUtility.dylib
0x00007fff2d8d9000 	/usr/lib/libperfcheck.dylib
0x00007fff2d25d000 	/System/Library/PrivateFrameworks/AudioResourceArbitration.framework/Versions/A/AudioResourceArbitration
0x00007fff2b25a000 	/System/Library/PrivateFrameworks/IconFoundation.framework/Versions/A/IconFoundation
0x00007fff2fd86000 	/System/Library/PrivateFrameworks/SpeechRecognitionCore.framework/Versions/A/SpeechRecognitionCore
0x000000010d4e7000 	/usr/local/Cellar/openjdk/15.0.1/libexec/openjdk.jdk/Contents/Home/lib/server/libjvm.dylib
0x000000010e547000 	/usr/local/Cellar/openjdk/15.0.1/libexec/openjdk.jdk/Contents/Home/lib/libjimage.dylib
0x000000010e557000 	/usr/local/Cellar/openjdk/15.0.1/libexec/openjdk.jdk/Contents/Home/lib/libinstrument.dylib
0x000000010e56b000 	/usr/local/Cellar/openjdk/15.0.1/libexec/openjdk.jdk/Contents/Home/lib/libjava.dylib
0x000000011209a000 	/usr/local/Cellar/openjdk/15.0.1/libexec/openjdk.jdk/Contents/Home/lib/libzip.dylib
0x00000001120aa000 	/usr/local/Cellar/openjdk/15.0.1/libexec/openjdk.jdk/Contents/Home/lib/libnio.dylib
0x00000001120c2000 	/usr/local/Cellar/openjdk/15.0.1/libexec/openjdk.jdk/Contents/Home/lib/libnet.dylib
0x00000001120de000 	/usr/local/Cellar/openjdk/15.0.1/libexec/openjdk.jdk/Contents/Home/lib/libverify.dylib
0x00000001120f2000 	/usr/local/Cellar/openjdk/15.0.1/libexec/openjdk.jdk/Contents/Home/lib/libmanagement.dylib
0x00000001120fe000 	/usr/local/Cellar/openjdk/15.0.1/libexec/openjdk.jdk/Contents/Home/lib/libmanagement_ext.dylib


VM Arguments:
jvm_args: -javaagent:/Users/jfallows/.m2/repository/org/jacoco/org.jacoco.agent/0.8.6/org.jacoco.agent-0.8.6-runtime.jar=destfile=/Users/jfallows/GitHub/reaktivity/reaktor.java/target/jacoco.exec,excludes=org/reaktivity/reaktor/internal/types/**/*.class:org/reaktivity/reaktor/test/internal/k3po/ext/types/**/*.class 
java_command: /Users/jfallows/GitHub/reaktivity/reaktor.java/target/surefire/surefirebooter11890406498841293040.jar /Users/jfallows/GitHub/reaktivity/reaktor.java/target/surefire 2021-02-11T12-54-43_570-jvmRun1 surefire12034250442054478570tmp surefire_06322727308258850300tmp
java_class_path (initial): /Users/jfallows/GitHub/reaktivity/reaktor.java/target/surefire/surefirebooter11890406498841293040.jar
Launcher Type: SUN_STANDARD

[Global flags]
     intx CICompilerCount                          = 12                                        {product} {ergonomic}
     uint ConcGCThreads                            = 3                                         {product} {ergonomic}
     uint G1ConcRefinementThreads                  = 13                                        {product} {ergonomic}
   size_t G1HeapRegionSize                         = 2097152                                   {product} {ergonomic}
    uintx GCDrainStackTargetSize                   = 64                                        {product} {ergonomic}
   size_t InitialHeapSize                          = 268435456                                 {product} {ergonomic}
   size_t MarkStackSize                            = 4194304                                   {product} {ergonomic}
   size_t MaxHeapSize                              = 4294967296                                {product} {ergonomic}
   size_t MaxNewSize                               = 2575302656                                {product} {ergonomic}
   size_t MinHeapDeltaBytes                        = 2097152                                   {product} {ergonomic}
   size_t MinHeapSize                              = 8388608                                   {product} {ergonomic}
    uintx NonNMethodCodeHeapSize                   = 7602480                                {pd product} {ergonomic}
    uintx NonProfiledCodeHeapSize                  = 122027880                              {pd product} {ergonomic}
    uintx ProfiledCodeHeapSize                     = 122027880                              {pd product} {ergonomic}
    uintx ReservedCodeCacheSize                    = 251658240                              {pd product} {ergonomic}
     bool SegmentedCodeCache                       = true                                      {product} {ergonomic}
   size_t SoftMaxHeapSize                          = 4294967296                             {manageable} {ergonomic}
     bool UseCompressedClassPointers               = true                                 {lp64_product} {ergonomic}
     bool UseCompressedOops                        = true                                 {lp64_product} {ergonomic}
     bool UseG1GC                                  = true                                      {product} {ergonomic}
     bool UseNUMA                                  = false                                     {product} {ergonomic}
     bool UseNUMAInterleaving                      = false                                     {product} {ergonomic}

Logging:
Log output configuration:
 #0: stdout all=warning uptime,level,tags
 #1: stderr all=off uptime,level,tags

Environment Variables:
JAVA_HOME=/usr/local/opt/openjdk/libexec/openjdk.jdk/Contents/Home
PATH=/Users/jfallows/.rvm/gems/ruby-3.0.0/bin:/Users/jfallows/.rvm/gems/ruby-3.0.0@global/bin:/Users/jfallows/.rvm/rubies/ruby-3.0.0/bin:/usr/local/bin:/usr/bin:/bin:/usr/sbin:/sbin:/usr/local/MacGPG2/bin:/Applications/Wireshark.app/Contents/MacOS:/Users/jfallows/.rvm/bin
SHELL=/bin/zsh
LANG=en_US.UTF-8

Signal Handlers:
SIGSEGV: [libjvm.dylib+0xa69a60], sa_mask[0]=11111111011111110111111111111111, sa_flags=SA_ONSTACK|SA_RESTART|SA_SIGINFO
SIGBUS: [libjvm.dylib+0xa69a60], sa_mask[0]=11111111011111110111111111111111, sa_flags=SA_RESTART|SA_SIGINFO
SIGFPE: [libjvm.dylib+0xa69a60], sa_mask[0]=11111111011111110111111111111111, sa_flags=SA_RESTART|SA_SIGINFO
SIGPIPE: [libjvm.dylib+0x82ae30], sa_mask[0]=11111111011111110111111111111111, sa_flags=SA_RESTART|SA_SIGINFO
SIGXFSZ: [libjvm.dylib+0x82ae30], sa_mask[0]=11111111011111110111111111111111, sa_flags=SA_RESTART|SA_SIGINFO
SIGILL: [libjvm.dylib+0xa69a60], sa_mask[0]=11111111011111110111111111111111, sa_flags=SA_RESTART|SA_SIGINFO
SIGUSR2: [libjvm.dylib+0x82b8d0], sa_mask[0]=00100000000000000000000000000000, sa_flags=SA_RESTART|SA_SIGINFO
SIGHUP: [libjvm.dylib+0x82a030], sa_mask[0]=11111111011111110111111111111111, sa_flags=SA_RESTART|SA_SIGINFO
SIGINT: [libjvm.dylib+0x82a030], sa_mask[0]=11111111011111110111111111111111, sa_flags=SA_RESTART|SA_SIGINFO
SIGTERM: [libjvm.dylib+0x82a030], sa_mask[0]=11111111011111110111111111111111, sa_flags=SA_RESTART|SA_SIGINFO
SIGQUIT: [libjvm.dylib+0x82a030], sa_mask[0]=11111111011111110111111111111111, sa_flags=SA_RESTART|SA_SIGINFO


---------------  S Y S T E M  ---------------

OS:uname: Darwin 20.3.0 Darwin Kernel Version 20.3.0: Thu Jan 21 00:07:06 PST 2021; root:xnu-7195.81.3~1/RELEASE_X86_64 x86_64
OS uptime: 1 days 14:32 hours
rlimit (soft/hard): STACK 8192k/65532k , CORE 0k/infinity , NPROC 2784/4176 , NOFILE 10240/infinity , AS infinity/infinity , CPU infinity/infinity , DATA infinity/infinity , FSIZE infinity/infinity , MEMLOCK infinity/infinity , RSS infinity/infinity
load average: 2.92 1.98 1.75

CPU: total 16 (initial active 16) (8 cores per cpu, 2 threads per core) family 6 model 158 stepping 13 microcode 0xde, cmov, cx8, fxsr, mmx, sse, sse2, sse3, ssse3, sse4.1, sse4.2, popcnt, vzeroupper, avx, avx2, aes, clmul, erms, 3dnowpref, lzcnt, ht, tsc, tscinvbit, bmi1, bmi2, adx, fma, clflush, clflushopt

Memory: 4k page, physical 16777216k(101852k free), swap 4194304k(601600k free)

vm_info: OpenJDK 64-Bit Server VM (15.0.1+9) for bsd-amd64 JRE (15.0.1+9), built on Nov 14 2020 11:42:45 by "brew" with clang Apple LLVM 12.0.0 (clang-1200.0.32.27)

END.
